This is pdfTeX, Version 3.141592653-2.6-1.40.26 (TeX Live 2024) (preloaded format=pdflatex 2025.2.24)  25 FEB 2025 06:11
entering extended mode
 restricted \write18 enabled.
 %&-line parsing enabled.
**_main.tex
(./_main.tex
LaTeX2e <2024-11-01> patch level 2
L3 programming layer <2025-01-18>
(/Users/tobzzy/Library/TinyTeX/texmf-dist/tex/latex/base/book.cls
Document Class: book 2024/06/29 v1.4n Standard LaTeX document class
(/Users/tobzzy/Library/TinyTeX/texmf-dist/tex/latex/base/bk10.clo
File: bk10.clo 2024/06/29 v1.4n Standard LaTeX file (size option)
)
\c@part=\count196
\c@chapter=\count197
\c@section=\count198
\c@subsection=\count199
\c@subsubsection=\count266
\c@paragraph=\count267
\c@subparagraph=\count268
\c@figure=\count269
\c@table=\count270
\abovecaptionskip=\skip49
\belowcaptionskip=\skip50
\bibindent=\dimen141
) (/Users/tobzzy/Library/TinyTeX/texmf-dist/tex/latex/amsmath/amsmath.sty
Package: amsmath 2024/11/05 v2.17t AMS math features
\@mathmargin=\skip51
For additional information on amsmath, use the `?' option.
(/Users/tobzzy/Library/TinyTeX/texmf-dist/tex/latex/amsmath/amstext.sty
Package: amstext 2021/08/26 v2.01 AMS text
(/Users/tobzzy/Library/TinyTeX/texmf-dist/tex/latex/amsmath/amsgen.sty
File: amsgen.sty 1999/11/30 v2.0 generic functions
\@emptytoks=\toks17
\ex@=\dimen142
)) (/Users/tobzzy/Library/TinyTeX/texmf-dist/tex/latex/amsmath/amsbsy.sty
Package: amsbsy 1999/11/29 v1.2d Bold Symbols
\pmbraise@=\dimen143
) (/Users/tobzzy/Library/TinyTeX/texmf-dist/tex/latex/amsmath/amsopn.sty
Package: amsopn 2022/04/08 v2.04 operator names
)
\inf@bad=\count271
LaTeX Info: Redefining \frac on input line 233.
\uproot@=\count272
\leftroot@=\count273
LaTeX Info: Redefining \overline on input line 398.
LaTeX Info: Redefining \colon on input line 409.
\classnum@=\count274
\DOTSCASE@=\count275
LaTeX Info: Redefining \ldots on input line 495.
LaTeX Info: Redefining \dots on input line 498.
LaTeX Info: Redefining \cdots on input line 619.
\Mathstrutbox@=\box52
\strutbox@=\box53
LaTeX Info: Redefining \big on input line 721.
LaTeX Info: Redefining \Big on input line 722.
LaTeX Info: Redefining \bigg on input line 723.
LaTeX Info: Redefining \Bigg on input line 724.
\big@size=\dimen144
LaTeX Font Info:    Redeclaring font encoding OML on input line 742.
LaTeX Font Info:    Redeclaring font encoding OMS on input line 743.
\macc@depth=\count276
LaTeX Info: Redefining \bmod on input line 904.
LaTeX Info: Redefining \pmod on input line 909.
LaTeX Info: Redefining \smash on input line 939.
LaTeX Info: Redefining \relbar on input line 969.
LaTeX Info: Redefining \Relbar on input line 970.
\c@MaxMatrixCols=\count277
\dotsspace@=\muskip17
\c@parentequation=\count278
\dspbrk@lvl=\count279
\tag@help=\toks18
\row@=\count280
\column@=\count281
\maxfields@=\count282
\andhelp@=\toks19
\eqnshift@=\dimen145
\alignsep@=\dimen146
\tagshift@=\dimen147
\tagwidth@=\dimen148
\totwidth@=\dimen149
\lineht@=\dimen150
\@envbody=\toks20
\multlinegap=\skip52
\multlinetaggap=\skip53
\mathdisplay@stack=\toks21
LaTeX Info: Redefining \[ on input line 2953.
LaTeX Info: Redefining \] on input line 2954.
) (/Users/tobzzy/Library/TinyTeX/texmf-dist/tex/latex/amsfonts/amssymb.sty
Package: amssymb 2013/01/14 v3.01 AMS font symbols
(/Users/tobzzy/Library/TinyTeX/texmf-dist/tex/latex/amsfonts/amsfonts.sty
Package: amsfonts 2013/01/14 v3.01 Basic AMSFonts support
\symAMSa=\mathgroup4
\symAMSb=\mathgroup5
LaTeX Font Info:    Redeclaring math symbol \hbar on input line 98.
LaTeX Font Info:    Overwriting math alphabet `\mathfrak' in version `bold'
(Font)                  U/euf/m/n --> U/euf/b/n on input line 106.
)) (/Users/tobzzy/Library/TinyTeX/texmf-dist/tex/generic/iftex/iftex.sty
Package: iftex 2024/12/12 v1.0g TeX engine tests
) (/Users/tobzzy/Library/TinyTeX/texmf-dist/tex/latex/base/fontenc.sty
Package: fontenc 2021/04/29 v2.0v Standard LaTeX package
) (/Users/tobzzy/Library/TinyTeX/texmf-dist/tex/latex/base/inputenc.sty
Package: inputenc 2024/02/08 v1.3d Input encoding file
\inpenc@prehook=\toks22
\inpenc@posthook=\toks23
) (/Users/tobzzy/Library/TinyTeX/texmf-dist/tex/latex/base/textcomp.sty
Package: textcomp 2024/04/24 v2.1b Standard LaTeX package
) (/Users/tobzzy/Library/TinyTeX/texmf-dist/tex/latex/lm/lmodern.sty
Package: lmodern 2015/05/01 v1.6.1 Latin Modern Fonts
LaTeX Font Info:    Overwriting symbol font `operators' in version `normal'
(Font)                  OT1/cmr/m/n --> OT1/lmr/m/n on input line 22.
LaTeX Font Info:    Overwriting symbol font `letters' in version `normal'
(Font)                  OML/cmm/m/it --> OML/lmm/m/it on input line 23.
LaTeX Font Info:    Overwriting symbol font `symbols' in version `normal'
(Font)                  OMS/cmsy/m/n --> OMS/lmsy/m/n on input line 24.
LaTeX Font Info:    Overwriting symbol font `largesymbols' in version `normal'
(Font)                  OMX/cmex/m/n --> OMX/lmex/m/n on input line 25.
LaTeX Font Info:    Overwriting symbol font `operators' in version `bold'
(Font)                  OT1/cmr/bx/n --> OT1/lmr/bx/n on input line 26.
LaTeX Font Info:    Overwriting symbol font `letters' in version `bold'
(Font)                  OML/cmm/b/it --> OML/lmm/b/it on input line 27.
LaTeX Font Info:    Overwriting symbol font `symbols' in version `bold'
(Font)                  OMS/cmsy/b/n --> OMS/lmsy/b/n on input line 28.
LaTeX Font Info:    Overwriting symbol font `largesymbols' in version `bold'
(Font)                  OMX/cmex/m/n --> OMX/lmex/m/n on input line 29.
LaTeX Font Info:    Overwriting math alphabet `\mathbf' in version `normal'
(Font)                  OT1/cmr/bx/n --> OT1/lmr/bx/n on input line 31.
LaTeX Font Info:    Overwriting math alphabet `\mathsf' in version `normal'
(Font)                  OT1/cmss/m/n --> OT1/lmss/m/n on input line 32.
LaTeX Font Info:    Overwriting math alphabet `\mathit' in version `normal'
(Font)                  OT1/cmr/m/it --> OT1/lmr/m/it on input line 33.
LaTeX Font Info:    Overwriting math alphabet `\mathtt' in version `normal'
(Font)                  OT1/cmtt/m/n --> OT1/lmtt/m/n on input line 34.
LaTeX Font Info:    Overwriting math alphabet `\mathbf' in version `bold'
(Font)                  OT1/cmr/bx/n --> OT1/lmr/bx/n on input line 35.
LaTeX Font Info:    Overwriting math alphabet `\mathsf' in version `bold'
(Font)                  OT1/cmss/bx/n --> OT1/lmss/bx/n on input line 36.
LaTeX Font Info:    Overwriting math alphabet `\mathit' in version `bold'
(Font)                  OT1/cmr/bx/it --> OT1/lmr/bx/it on input line 37.
LaTeX Font Info:    Overwriting math alphabet `\mathtt' in version `bold'
(Font)                  OT1/cmtt/m/n --> OT1/lmtt/m/n on input line 38.
) (/Users/tobzzy/Library/TinyTeX/texmf-dist/tex/latex/xcolor/xcolor.sty
Package: xcolor 2024/09/29 v3.02 LaTeX color extensions (UK)
(/Users/tobzzy/Library/TinyTeX/texmf-dist/tex/latex/graphics-cfg/color.cfg
File: color.cfg 2016/01/02 v1.6 sample color configuration
)
Package xcolor Info: Driver file: pdftex.def on input line 274.
(/Users/tobzzy/Library/TinyTeX/texmf-dist/tex/latex/graphics-def/pdftex.def
File: pdftex.def 2024/04/13 v1.2c Graphics/color driver for pdftex
) (/Users/tobzzy/Library/TinyTeX/texmf-dist/tex/latex/graphics/mathcolor.ltx)
Package xcolor Info: Model `cmy' substituted by `cmy0' on input line 1349.
Package xcolor Info: Model `hsb' substituted by `rgb' on input line 1353.
Package xcolor Info: Model `RGB' extended on input line 1365.
Package xcolor Info: Model `HTML' substituted by `rgb' on input line 1367.
Package xcolor Info: Model `Hsb' substituted by `hsb' on input line 1368.
Package xcolor Info: Model `tHsb' substituted by `hsb' on input line 1369.
Package xcolor Info: Model `HSB' substituted by `hsb' on input line 1370.
Package xcolor Info: Model `Gray' substituted by `gray' on input line 1371.
Package xcolor Info: Model `wave' substituted by `hsb' on input line 1372.
) (/Users/tobzzy/Library/TinyTeX/texmf-dist/tex/latex/fancyvrb/fancyvrb.sty
Package: fancyvrb 2024/01/20 4.5c verbatim text (tvz,hv)
(/Users/tobzzy/Library/TinyTeX/texmf-dist/tex/latex/graphics/keyval.sty
Package: keyval 2022/05/29 v1.15 key=value parser (DPC)
\KV@toks@=\toks24
)
\FV@CodeLineNo=\count283
\FV@InFile=\read2
\FV@TabBox=\box54
\c@FancyVerbLine=\count284
\FV@StepNumber=\count285
\FV@OutFile=\write3
) (/Users/tobzzy/Library/TinyTeX/texmf-dist/tex/latex/framed/framed.sty
Package: framed 2011/10/22 v 0.96: framed or shaded text with page breaks
\OuterFrameSep=\skip54
\fb@frw=\dimen151
\fb@frh=\dimen152
\FrameRule=\dimen153
\FrameSep=\dimen154
) (/Users/tobzzy/Library/TinyTeX/texmf-dist/tex/latex/tools/longtable.sty
Package: longtable 2024-10-27 v4.22 Multi-page Table package (DPC)
\LTleft=\skip55
\LTright=\skip56
\LTpre=\skip57
\LTpost=\skip58
\LTchunksize=\count286
\LTcapwidth=\dimen155
\LT@head=\box55
\LT@firsthead=\box56
\LT@foot=\box57
\LT@lastfoot=\box58
\LT@gbox=\box59
\LT@cols=\count287
\LT@rows=\count288
\c@LT@tables=\count289
\c@LT@chunks=\count290
\LT@p@ftn=\toks25
) (/Users/tobzzy/Library/TinyTeX/texmf-dist/tex/latex/booktabs/booktabs.sty
Package: booktabs 2020/01/12 v1.61803398 Publication quality tables
\heavyrulewidth=\dimen156
\lightrulewidth=\dimen157
\cmidrulewidth=\dimen158
\belowrulesep=\dimen159
\belowbottomsep=\dimen160
\aboverulesep=\dimen161
\abovetopsep=\dimen162
\cmidrulesep=\dimen163
\cmidrulekern=\dimen164
\defaultaddspace=\dimen165
\@cmidla=\count291
\@cmidlb=\count292
\@aboverulesep=\dimen166
\@belowrulesep=\dimen167
\@thisruleclass=\count293
\@lastruleclass=\count294
\@thisrulewidth=\dimen168
) (/Users/tobzzy/Library/TinyTeX/texmf-dist/tex/latex/tools/array.sty
Package: array 2024/10/17 v2.6g Tabular extension package (FMi)
\col@sep=\dimen169
\ar@mcellbox=\box60
\extrarowheight=\dimen170
\NC@list=\toks26
\extratabsurround=\skip59
\backup@length=\skip60
\ar@cellbox=\box61
) (/Users/tobzzy/Library/TinyTeX/texmf-dist/tex/latex/tools/calc.sty
Package: calc 2023/07/08 v4.3 Infix arithmetic (KKT,FJ)
\calc@Acount=\count295
\calc@Bcount=\count296
\calc@Adimen=\dimen171
\calc@Bdimen=\dimen172
\calc@Askip=\skip61
\calc@Bskip=\skip62
LaTeX Info: Redefining \setlength on input line 80.
LaTeX Info: Redefining \addtolength on input line 81.
\calc@Ccount=\count297
\calc@Cskip=\skip63
) (/Users/tobzzy/Library/TinyTeX/texmf-dist/tex/latex/etoolbox/etoolbox.sty
Package: etoolbox 2025/02/11 v2.5l e-TeX tools for LaTeX (JAW)
\etb@tempcnta=\count298
) (/Users/tobzzy/Library/TinyTeX/texmf-dist/tex/latex/mdwtools/footnote.sty
Package: footnote 1997/01/28 1.13 Save footnotes around boxes
\fn@notes=\box62
\fn@width=\dimen173
) (/Users/tobzzy/Library/TinyTeX/texmf-dist/tex/latex/graphics/graphicx.sty
Package: graphicx 2021/09/16 v1.2d Enhanced LaTeX Graphics (DPC,SPQR)
(/Users/tobzzy/Library/TinyTeX/texmf-dist/tex/latex/graphics/graphics.sty
Package: graphics 2024/08/06 v1.4g Standard LaTeX Graphics (DPC,SPQR)
(/Users/tobzzy/Library/TinyTeX/texmf-dist/tex/latex/graphics/trig.sty
Package: trig 2023/12/02 v1.11 sin cos tan (DPC)
) (/Users/tobzzy/Library/TinyTeX/texmf-dist/tex/latex/graphics-cfg/graphics.cfg
File: graphics.cfg 2016/06/04 v1.11 sample graphics configuration
)
Package graphics Info: Driver file: pdftex.def on input line 106.
)
\Gin@req@height=\dimen174
\Gin@req@width=\dimen175
) (/Users/tobzzy/Library/TinyTeX/texmf-dist/tex/latex/bookmark/bookmark.sty
Package: bookmark 2023-12-10 v1.31 PDF bookmarks (HO)
(/Users/tobzzy/Library/TinyTeX/texmf-dist/tex/latex/hyperref/hyperref.sty
Package: hyperref 2024-11-05 v7.01l Hypertext links for LaTeX
(/Users/tobzzy/Library/TinyTeX/texmf-dist/tex/latex/kvsetkeys/kvsetkeys.sty
Package: kvsetkeys 2022-10-05 v1.19 Key value parser (HO)
) (/Users/tobzzy/Library/TinyTeX/texmf-dist/tex/generic/kvdefinekeys/kvdefinekeys.sty
Package: kvdefinekeys 2019-12-19 v1.6 Define keys (HO)
) (/Users/tobzzy/Library/TinyTeX/texmf-dist/tex/generic/pdfescape/pdfescape.sty
Package: pdfescape 2019/12/09 v1.15 Implements pdfTeX's escape features (HO)
(/Users/tobzzy/Library/TinyTeX/texmf-dist/tex/generic/ltxcmds/ltxcmds.sty
Package: ltxcmds 2023-12-04 v1.26 LaTeX kernel commands for general use (HO)
) (/Users/tobzzy/Library/TinyTeX/texmf-dist/tex/generic/pdftexcmds/pdftexcmds.sty
Package: pdftexcmds 2020-06-27 v0.33 Utility functions of pdfTeX for LuaTeX (HO)
(/Users/tobzzy/Library/TinyTeX/texmf-dist/tex/generic/infwarerr/infwarerr.sty
Package: infwarerr 2019/12/03 v1.5 Providing info/warning/error messages (HO)
)
Package pdftexcmds Info: \pdf@primitive is available.
Package pdftexcmds Info: \pdf@ifprimitive is available.
Package pdftexcmds Info: \pdfdraftmode found.
)) (/Users/tobzzy/Library/TinyTeX/texmf-dist/tex/latex/hycolor/hycolor.sty
Package: hycolor 2020-01-27 v1.10 Color options for hyperref/bookmark (HO)
) (/Users/tobzzy/Library/TinyTeX/texmf-dist/tex/latex/hyperref/nameref.sty
Package: nameref 2023-11-26 v2.56 Cross-referencing by name of section
(/Users/tobzzy/Library/TinyTeX/texmf-dist/tex/latex/refcount/refcount.sty
Package: refcount 2019/12/15 v3.6 Data extraction from label references (HO)
) (/Users/tobzzy/Library/TinyTeX/texmf-dist/tex/generic/gettitlestring/gettitlestring.sty
Package: gettitlestring 2019/12/15 v1.6 Cleanup title references (HO)
(/Users/tobzzy/Library/TinyTeX/texmf-dist/tex/latex/kvoptions/kvoptions.sty
Package: kvoptions 2022-06-15 v3.15 Key value format for package options (HO)
))
\c@section@level=\count299
) (/Users/tobzzy/Library/TinyTeX/texmf-dist/tex/generic/stringenc/stringenc.sty
Package: stringenc 2019/11/29 v1.12 Convert strings between diff. encodings (HO)
)
\@linkdim=\dimen176
\Hy@linkcounter=\count300
\Hy@pagecounter=\count301
(/Users/tobzzy/Library/TinyTeX/texmf-dist/tex/latex/hyperref/pd1enc.def
File: pd1enc.def 2024-11-05 v7.01l Hyperref: PDFDocEncoding definition (HO)
Now handling font encoding PD1 ...
... no UTF-8 mapping file for font encoding PD1
) (/Users/tobzzy/Library/TinyTeX/texmf-dist/tex/generic/intcalc/intcalc.sty
Package: intcalc 2019/12/15 v1.3 Expandable calculations with integers (HO)
)
\Hy@SavedSpaceFactor=\count302
(/Users/tobzzy/Library/TinyTeX/texmf-dist/tex/latex/hyperref/puenc.def
File: puenc.def 2024-11-05 v7.01l Hyperref: PDF Unicode definition (HO)
Now handling font encoding PU ...
... no UTF-8 mapping file for font encoding PU
)
Package hyperref Info: Option `unicode' set `true' on input line 4040.
Package hyperref Info: Hyper figures OFF on input line 4157.
Package hyperref Info: Link nesting OFF on input line 4162.
Package hyperref Info: Hyper index ON on input line 4165.
Package hyperref Info: Plain pages OFF on input line 4172.
Package hyperref Info: Backreferencing OFF on input line 4177.
Package hyperref Info: Implicit mode ON; LaTeX internals redefined.
Package hyperref Info: Bookmarks ON on input line 4424.
\c@Hy@tempcnt=\count303
(/Users/tobzzy/Library/TinyTeX/texmf-dist/tex/latex/url/url.sty
\Urlmuskip=\muskip18
Package: url 2013/09/16  ver 3.4  Verb mode for urls, etc.
)
LaTeX Info: Redefining \url on input line 4763.
\XeTeXLinkMargin=\dimen177
(/Users/tobzzy/Library/TinyTeX/texmf-dist/tex/generic/bitset/bitset.sty
Package: bitset 2019/12/09 v1.3 Handle bit-vector datatype (HO)
(/Users/tobzzy/Library/TinyTeX/texmf-dist/tex/generic/bigintcalc/bigintcalc.sty
Package: bigintcalc 2019/12/15 v1.5 Expandable calculations on big integers (HO)
))
\Fld@menulength=\count304
\Field@Width=\dimen178
\Fld@charsize=\dimen179
Package hyperref Info: Hyper figures OFF on input line 6042.
Package hyperref Info: Link nesting OFF on input line 6047.
Package hyperref Info: Hyper index ON on input line 6050.
Package hyperref Info: backreferencing OFF on input line 6057.
Package hyperref Info: Link coloring OFF on input line 6062.
Package hyperref Info: Link coloring with OCG OFF on input line 6067.
Package hyperref Info: PDF/A mode OFF on input line 6072.
(/Users/tobzzy/Library/TinyTeX/texmf-dist/tex/latex/base/atbegshi-ltx.sty
Package: atbegshi-ltx 2021/01/10 v1.0c Emulation of the original atbegshi
package with kernel methods
)
\Hy@abspage=\count305
\c@Item=\count306
\c@Hfootnote=\count307
)
Package hyperref Info: Driver (autodetected): hpdftex.
(/Users/tobzzy/Library/TinyTeX/texmf-dist/tex/latex/hyperref/hpdftex.def
File: hpdftex.def 2024-11-05 v7.01l Hyperref driver for pdfTeX
(/Users/tobzzy/Library/TinyTeX/texmf-dist/tex/latex/base/atveryend-ltx.sty
Package: atveryend-ltx 2020/08/19 v1.0a Emulation of the original atveryend package
with kernel methods
)
\Fld@listcount=\count308
\c@bookmark@seq@number=\count309
(/Users/tobzzy/Library/TinyTeX/texmf-dist/tex/latex/rerunfilecheck/rerunfilecheck.sty
Package: rerunfilecheck 2022-07-10 v1.10 Rerun checks for auxiliary files (HO)
(/Users/tobzzy/Library/TinyTeX/texmf-dist/tex/generic/uniquecounter/uniquecounter.sty
Package: uniquecounter 2019/12/15 v1.4 Provide unlimited unique counter (HO)
)
Package uniquecounter Info: New unique counter `rerunfilecheck' on input line 285.
)
\Hy@SectionHShift=\skip64
) (/Users/tobzzy/Library/TinyTeX/texmf-dist/tex/latex/bookmark/bkm-pdftex.def
File: bkm-pdftex.def 2023-12-10 v1.31 bookmark driver for pdfTeX and luaTeX (HO)
\BKM@id=\count310
))
LaTeX Font Info:    Trying to load font information for T1+lmr on input line 122.
(/Users/tobzzy/Library/TinyTeX/texmf-dist/tex/latex/lm/t1lmr.fd
File: t1lmr.fd 2015/05/01 v1.6.1 Font defs for Latin Modern
) (/Users/tobzzy/Library/TinyTeX/texmf-dist/tex/latex/l3backend/l3backend-pdftex.def
File: l3backend-pdftex.def 2024-05-08 L3 backend support: PDF output (pdfTeX)
\l__color_backend_stack_int=\count311
\l__pdf_internal_box=\box63
) (./_main.aux)
\openout1 = `_main.aux'.

LaTeX Font Info:    Checking defaults for OML/cmm/m/it on input line 122.
LaTeX Font Info:    ... okay on input line 122.
LaTeX Font Info:    Checking defaults for OMS/cmsy/m/n on input line 122.
LaTeX Font Info:    ... okay on input line 122.
LaTeX Font Info:    Checking defaults for OT1/cmr/m/n on input line 122.
LaTeX Font Info:    ... okay on input line 122.
LaTeX Font Info:    Checking defaults for T1/cmr/m/n on input line 122.
LaTeX Font Info:    ... okay on input line 122.
LaTeX Font Info:    Checking defaults for TS1/cmr/m/n on input line 122.
LaTeX Font Info:    ... okay on input line 122.
LaTeX Font Info:    Checking defaults for OMX/cmex/m/n on input line 122.
LaTeX Font Info:    ... okay on input line 122.
LaTeX Font Info:    Checking defaults for U/cmr/m/n on input line 122.
LaTeX Font Info:    ... okay on input line 122.
LaTeX Font Info:    Checking defaults for PD1/pdf/m/n on input line 122.
LaTeX Font Info:    ... okay on input line 122.
LaTeX Font Info:    Checking defaults for PU/pdf/m/n on input line 122.
LaTeX Font Info:    ... okay on input line 122.
(/Users/tobzzy/Library/TinyTeX/texmf-dist/tex/latex/epstopdf-pkg/epstopdf-base.sty
Package: epstopdf-base 2020-01-24 v2.11 Base part for package epstopdf
Package epstopdf-base Info: Redefining graphics rule for `.eps' on input line 485.
(/Users/tobzzy/Library/TinyTeX/texmf-dist/tex/latex/latexconfig/epstopdf-sys.cfg
File: epstopdf-sys.cfg 2010/07/13 v1.3 Configuration of (r)epstopdf for TeX Live
))
Package hyperref Info: Link coloring OFF on input line 122.
LaTeX Font Info:    Trying to load font information for OT1+lmr on input line 125.
(/Users/tobzzy/Library/TinyTeX/texmf-dist/tex/latex/lm/ot1lmr.fd
File: ot1lmr.fd 2015/05/01 v1.6.1 Font defs for Latin Modern
)
LaTeX Font Info:    Trying to load font information for OML+lmm on input line 125.
(/Users/tobzzy/Library/TinyTeX/texmf-dist/tex/latex/lm/omllmm.fd
File: omllmm.fd 2015/05/01 v1.6.1 Font defs for Latin Modern
)
LaTeX Font Info:    Trying to load font information for OMS+lmsy on input line 125.
(/Users/tobzzy/Library/TinyTeX/texmf-dist/tex/latex/lm/omslmsy.fd
File: omslmsy.fd 2015/05/01 v1.6.1 Font defs for Latin Modern
)
LaTeX Font Info:    Trying to load font information for OMX+lmex on input line 125.
(/Users/tobzzy/Library/TinyTeX/texmf-dist/tex/latex/lm/omxlmex.fd
File: omxlmex.fd 2015/05/01 v1.6.1 Font defs for Latin Modern
)
LaTeX Font Info:    External font `lmex10' loaded for size
(Font)              <12> on input line 125.
LaTeX Font Info:    External font `lmex10' loaded for size
(Font)              <8> on input line 125.
LaTeX Font Info:    External font `lmex10' loaded for size
(Font)              <6> on input line 125.
LaTeX Font Info:    Trying to load font information for U+msa on input line 125.
(/Users/tobzzy/Library/TinyTeX/texmf-dist/tex/latex/amsfonts/umsa.fd
File: umsa.fd 2013/01/14 v3.01 AMS symbols A
)
LaTeX Font Info:    Trying to load font information for U+msb on input line 125.
(/Users/tobzzy/Library/TinyTeX/texmf-dist/tex/latex/amsfonts/umsb.fd
File: umsb.fd 2013/01/14 v3.01 AMS symbols B
)

[1



{/Users/tobzzy/Library/TinyTeX/texmf-var/fonts/map/pdftex/updmap/pdftex.map}{/Users/tobzzy/Library/TinyTeX/texmf-dist/fonts/enc/dvips/lm/lm-ec.enc}]

[2

]

[1

]

[2

]
LaTeX Font Info:    Trying to load font information for TS1+lmr on input line 148.
(/Users/tobzzy/Library/TinyTeX/texmf-dist/tex/latex/lm/ts1lmr.fd
File: ts1lmr.fd 2015/05/01 v1.6.1 Font defs for Latin Modern
)

[3{/Users/tobzzy/Library/TinyTeX/texmf-dist/fonts/enc/dvips/lm/lm-ts1.enc}]
LaTeX Font Info:    Trying to load font information for T1+lmtt on input line 231.
(/Users/tobzzy/Library/TinyTeX/texmf-dist/tex/latex/lm/t1lmtt.fd
File: t1lmtt.fd 2015/05/01 v1.6.1 Font defs for Latin Modern
)
Overfull \hbox (2.9956pt too wide) in paragraph at lines 318--318
[]|\T1/lmr/bx/n/10 Treatment|  
 []



[4]
Overfull \hbox (2.9956pt too wide) in paragraph at lines 365--365
[]|\T1/lmr/bx/n/10 Treatment|  
 []


Overfull \hbox (8.0858pt too wide) in paragraph at lines 388--389
[]\T1/lmr/m/n/10 loan.amount  
 []


Overfull \hbox (4.25923pt too wide) in paragraph at lines 398--399
[]\T1/lmr/m/n/10 total.income  
 []


Overfull \hbox (13.84843pt too wide) in paragraph at lines 400--401
[]\T1/lmr/m/n/10 homeownership  
 []

[5]

[6]

[7]

[8]

[9]

[10

]
LaTeX Font Info:    External font `lmex10' loaded for size
(Font)              <10> on input line 632.
LaTeX Font Info:    External font `lmex10' loaded for size
(Font)              <7> on input line 632.
LaTeX Font Info:    External font `lmex10' loaded for size
(Font)              <5> on input line 632.

Underfull \hbox (badness 10000) in paragraph at lines 632--634

 []



[11{/Users/tobzzy/Library/TinyTeX/texmf-dist/fonts/enc/dvips/lm/lm-rm.enc}{/Users/tobzzy/Library/TinyTeX/texmf-dist/fonts/enc/dvips/lm/lm-mathit.enc}{/Users/tobzzy/Library/TinyTeX/texmf-dist/fonts/enc/dvips/lm/lm-mathex.enc}]
<images/img23.png, id=108, 692.5875pt x 295.1025pt>
File: images/img23.png Graphic file (type png)
<use images/img23.png>
Package pdftex.def Info: images/img23.png  used on input line 676.
(pdftex.def)             Requested size: 264.9931pt x 112.9101pt.

Underfull \hbox (badness 10000) in paragraph at lines 691--693
[]\T1/lmtt/m/n/10 x <- c(5, 5, 5, 6, 6, 6, 7, 7, 7, 7, 7, 8, 8, 8, 8, 9, 9,
 []


Underfull \hbox (badness 10000) in paragraph at lines 691--693
\T1/lmtt/m/n/10 9, 9, 9, 10, 10, 10, 10, 10, 10, 10, 10, 11, 11, 11, 11, 11,
 []


Underfull \hbox (badness 10000) in paragraph at lines 691--693
\T1/lmtt/m/n/10 12, 13, 13, 13, 14, 15, 16, 17, 17, 17, 18, 118, 19, 20, 21,
 []



[12 <./images/img23.png (PNG copy)>]
<images/img24.png, id=117, 519.9425pt x 254.9525pt>
File: images/img24.png Graphic file (type png)
<use images/img24.png>
Package pdftex.def Info: images/img24.png  used on input line 740.
(pdftex.def)             Requested size: 229.60844pt x 112.5879pt.
<images/img26.png, id=118, 900.36375pt x 416.55624pt>
File: images/img26.png Graphic file (type png)
<use images/img26.png>
Package pdftex.def Info: images/img26.png  used on input line 771.
(pdftex.def)             Requested size: 407.27567pt x 188.42741pt.

Overfull \hbox (62.27567pt too wide) in paragraph at lines 771--772
[][] 
 []



[13 <./images/img24.png (PNG copy)>]
<images/img27.png, id=124, 501.875pt x 119.44624pt>
File: images/img27.png Graphic file (type png)
<use images/img27.png>
Package pdftex.def Info: images/img27.png  used on input line 775.
(pdftex.def)             Requested size: 222.83206pt x 53.03401pt.


[14 <./images/img26.png (PNG copy)> <./images/img27.png (PNG copy)>]
Underfull \hbox (badness 10000) in paragraph at lines 854--855
[]\T1/lmtt/m/n/10 Variable_Name = c ("category 1", "Category 2", ..., "Category n")
 []

[15]

[16]
Overfull \hbox (1.7012pt too wide) in paragraph at lines 1015--1015
[]|\T1/lmr/m/n/10 132/252=|  
 []


Overfull \hbox (11.17732pt too wide) in paragraph at lines 1015--1016
[]|\T1/lmr/m/n/10 180/400=|  
 []


Overfull \hbox (1.7012pt too wide) in paragraph at lines 1016--1016
[]|\T1/lmr/m/n/10 120/252=|  
 []


Overfull \hbox (3.39934pt too wide) in paragraph at lines 1016--1017
[]|\T1/lmr/m/n/10 220/400|  
 []


Overfull \hbox (1.7012pt too wide) in paragraph at lines 1017--1017
[]|\T1/lmr/m/n/10 252/252=|  
 []


Overfull \hbox (3.39934pt too wide) in paragraph at lines 1017--1018
[]|\T1/lmr/m/n/10 400/400|  
 []


Overfull \hbox (1.7012pt too wide) in paragraph at lines 1044--1044
[]|\T1/lmr/m/n/10 132/400=|  
 []


Overfull \hbox (11.17732pt too wide) in paragraph at lines 1044--1045
[]|\T1/lmr/m/n/10 180/400=|  
 []


Overfull \hbox (1.7012pt too wide) in paragraph at lines 1045--1045
[]|\T1/lmr/m/n/10 120/400=|  
 []


Overfull \hbox (11.17732pt too wide) in paragraph at lines 1045--1046
[]|\T1/lmr/m/n/10 220/400=|  
 []


Overfull \hbox (1.7012pt too wide) in paragraph at lines 1046--1046
[]|\T1/lmr/m/n/10 252/400=|  
 []


Overfull \hbox (11.17732pt too wide) in paragraph at lines 1046--1047
[]|\T1/lmr/m/n/10 400/400=|  
 []



[17]

[18

]
Overfull \hbox (82.32852pt too wide) in paragraph at lines 1054--1058
\T1/lmr/m/n/10 The start-ing point in study-ing prob-a-bil-i-ties is the con-cept of an $[]$,
 []


Underfull \hbox (badness 10000) in paragraph at lines 1059--1060

 []


Underfull \hbox (badness 10000) in paragraph at lines 1061--1062

 []


Underfull \hbox (badness 10000) in paragraph at lines 1063--1064

 []


Overfull \hbox (12.92548pt too wide) detected at line 1082
[]
 []



[19{/Users/tobzzy/Library/TinyTeX/texmf-dist/fonts/enc/dvips/lm/lm-mathsy.enc}]
<images/img13.png, id=167, 559.08875pt x 115.93312pt>
File: images/img13.png Graphic file (type png)
<use images/img13.png>
Package pdftex.def Info: images/img13.png  used on input line 1095.
(pdftex.def)             Requested size: 546.56386pt x 113.33594pt.

Overfull \hbox (201.56386pt too wide) in paragraph at lines 1095--1096
[][] 
 []


Underfull \hbox (badness 10000) in paragraph at lines 1106--1107

 []


Underfull \hbox (badness 10000) in paragraph at lines 1108--1109

 []


Underfull \hbox (badness 10000) in paragraph at lines 1110--1111

 []



[20 <./images/img13.png>]

LaTeX Warning: Command \textendash invalid in math mode on input line 1194.



[21]
Overfull \hbox (0.85051pt too wide) in paragraph at lines 1265--1266
[]\T1/lmr/m/n/10 Sophomore 
 []



[22]

[23]

[24]
<images/img17.png, id=229, 151.06438pt x 99.37125pt>
File: images/img17.png Graphic file (type png)
<use images/img17.png>
Package pdftex.def Info: images/img17.png  used on input line 1509.
(pdftex.def)             Requested size: 171.6412pt x 112.90683pt.


[25]
<images/img18.png, id=245, 242.9075pt x 123.96312pt>
File: images/img18.png Graphic file (type png)
<use images/img18.png>
Package pdftex.def Info: images/img18.png  used on input line 1515.
(pdftex.def)             Requested size: 221.32414pt x 112.94847pt.


[26 <./images/img17.png> <./images/img18.png>]
Overfull \hbox (1.48412pt too wide) in paragraph at lines 1598--1598
[]|\T1/lmr/m/n/10 200,000|  
 []


Overfull \hbox (1.48412pt too wide) in paragraph at lines 1599--1599
[]|\T1/lmr/m/n/10 300,000|  
 []


Overfull \hbox (1.48412pt too wide) in paragraph at lines 1600--1600
[]|\T1/lmr/m/n/10 150,000|  
 []



[27

]

[28]

[29]

[30]

[31]

[32

]
<images/img44.png, id=305, 438.63875pt x 135.50626pt>
File: images/img44.png Graphic file (type png)
<use images/img44.png>
Package pdftex.def Info: images/img44.png  used on input line 1857.
(pdftex.def)             Requested size: 243.15958pt x 75.11794pt.

Underfull \hbox (badness 1490) in paragraph at lines 1872--1877
[]\T1/lmr/m/n/10 For $\OML/lmm/m/it/10 P\OT1/lmr/m/n/10 (\OML/lmm/m/it/10 a < X < b\OT1/lmr/m/n/10 )$\T1/lmr/m/n/10 : \T1/lmtt/m/n/10 pnorm(b, \mu, \sigma) - pnorm(a, \mu,
 []

<images/img45.png, id=306, 1057.9525pt x 214.8025pt>
File: images/img45.png Graphic file (type png)
<use images/img45.png>
Package pdftex.def Info: images/img45.png  used on input line 1886.
(pdftex.def)             Requested size: 414.03654pt x 84.06433pt.

Overfull \hbox (69.03654pt too wide) in paragraph at lines 1886--1887
[][] 
 []



[33 <./images/img44.png (PNG copy)>]
<images/img46.png, id=313, 1075.01625pt x 231.86626pt>
File: images/img46.png Graphic file (type png)
<use images/img46.png>
Package pdftex.def Info: images/img46.png  used on input line 1903.
(pdftex.def)             Requested size: 414.03838pt x 89.30238pt.

Overfull \hbox (69.03838pt too wide) in paragraph at lines 1903--1904
[][] 
 []

<images/img47.png, id=314, 575.14874pt x 282.05376pt>
File: images/img47.png Graphic file (type png)
<use images/img47.png>
Package pdftex.def Info: images/img47.png  used on input line 1940.
(pdftex.def)             Requested size: 307.15303pt x 150.62827pt.

Underfull \vbox (badness 1946) has occurred while \output is active []



[34 <./images/img45.png (PNG copy)> <./images/img46.png (PNG copy)>]

[35 <./images/img47.png (PNG copy)>]

[36]
<images/img41.png, id=334, 1079.03125pt x 320.19624pt>
File: images/img41.png Graphic file (type png)
<use images/img41.png>
Package pdftex.def Info: images/img41.png  used on input line 2092.
(pdftex.def)             Requested size: 414.05351pt x 122.86797pt.

Overfull \hbox (69.05351pt too wide) in paragraph at lines 2092--2093
[][] 
 []



[37

]

[38 <./images/img41.png (PNG copy)>]

[39]

[40]
LaTeX Font Info:    Font shape `T1/lmtt/bx/n' in size <10> not available
(Font)              Font shape `T1/lmtt/b/n' tried instead on input line 2308.

LaTeX Font Warning: Font shape `T1/lmtt/bx/it' in size <10> not available
(Font)              Font shape `T1/lmtt/b/sl' tried instead on input line 2330.



[41]

[42]

[43]

[44

]
Underfull \hbox (badness 10000) in paragraph at lines 2535--2537

 []



[45]


Overfull \hbox (143.80893pt too wide) has occurred while \output is active
\T1/lmr/m/n/10 46 \T1/lmr/m/sl/10 INFERENCE FOR PROPORTION WORKSHEET (POINT ESTIMATES AND SAMPLING VARIABILITY)
 []

[46]
<images/img48.png, id=392, 504.88625pt x 133.49875pt>
File: images/img48.png Graphic file (type png)
<use images/img48.png>
Package pdftex.def Info: images/img48.png  used on input line 2632.
(pdftex.def)             Requested size: 263.48222pt x 69.66824pt.
<images/img50.png, id=393, 588.1975pt x 206.7725pt>
File: images/img50.png Graphic file (type png)
<use images/img50.png>
Package pdftex.def Info: images/img50.png  used on input line 2669.
(pdftex.def)             Requested size: 321.45432pt x 113.0027pt.



Overfull \hbox (105.05971pt too wide) has occurred while \output is active
\T1/lmr/m/sl/10 CENTRAL LIMIT THEOREM (FOR SAMPLING DISTRIBUTION OF SAMPLE PROPORTIONS) \T1/lmr/m/n/10 47
 []

[47 <./images/img48.png (PNG copy)> <./images/img50.png (PNG copy)>]


Overfull \hbox (143.80893pt too wide) has occurred while \output is active
\T1/lmr/m/n/10 48 \T1/lmr/m/sl/10 INFERENCE FOR PROPORTION WORKSHEET (POINT ESTIMATES AND SAMPLING VARIABILITY)
 []

[48]


Overfull \hbox (105.05971pt too wide) has occurred while \output is active
\T1/lmr/m/sl/10 CENTRAL LIMIT THEOREM (FOR SAMPLING DISTRIBUTION OF SAMPLE PROPORTIONS) \T1/lmr/m/n/10 49
 []

[49]
Underfull \hbox (badness 1132) in paragraph at lines 2873--2877
[]\T1/lmr/m/n/10 For right-sided test, p-value is $\OML/lmm/m/it/10 P\OT1/lmr/m/n/10 ([] \OML/lmm/m/it/10 > p[]\OT1/lmr/m/n/10 )$\T1/lmr/m/n/10 , or $\OML/lmm/m/it/10 P\OT1/lmr/m/n/10 (\OML/lmm/m/it/10 Z > z[]\OT1/lmr/m/n/10 )$\T1/lmr/m/n/10 , use
 []




Overfull \hbox (143.80893pt too wide) has occurred while \output is active
\T1/lmr/m/n/10 50 \T1/lmr/m/sl/10 INFERENCE FOR PROPORTION WORKSHEET (POINT ESTIMATES AND SAMPLING VARIABILITY)
 []

[50]


Overfull \hbox (105.05971pt too wide) has occurred while \output is active
\T1/lmr/m/sl/10 CENTRAL LIMIT THEOREM (FOR SAMPLING DISTRIBUTION OF SAMPLE PROPORTIONS) \T1/lmr/m/n/10 51
 []

[51]


Overfull \hbox (143.80893pt too wide) has occurred while \output is active
\T1/lmr/m/n/10 52 \T1/lmr/m/sl/10 INFERENCE FOR PROPORTION WORKSHEET (POINT ESTIMATES AND SAMPLING VARIABILITY)
 []

[52]


Overfull \hbox (105.05971pt too wide) has occurred while \output is active
\T1/lmr/m/sl/10 CENTRAL LIMIT THEOREM (FOR SAMPLING DISTRIBUTION OF SAMPLE PROPORTIONS) \T1/lmr/m/n/10 53
 []

[53]


Overfull \hbox (143.80893pt too wide) has occurred while \output is active
\T1/lmr/m/n/10 54 \T1/lmr/m/sl/10 INFERENCE FOR PROPORTION WORKSHEET (POINT ESTIMATES AND SAMPLING VARIABILITY)
 []

[54

]

[55]

[56]

[57]

[58]

[59]

[60]

[61]

[62

]

[63]
<images/img52.png, id=498, 931.48pt x 249.93375pt>
File: images/img52.png Graphic file (type png)
<use images/img52.png>
Package pdftex.def Info: images/img52.png  used on input line 3509.
(pdftex.def)             Requested size: 376.40875pt x 100.9976pt.

Overfull \hbox (31.40875pt too wide) in paragraph at lines 3509--3510
[][] 
 []

<images/img53.png, id=499, 1040.88875pt x 214.8025pt>
File: images/img53.png Graphic file (type png)
<use images/img53.png>
Package pdftex.def Info: images/img53.png  used on input line 3525.
(pdftex.def)             Requested size: 414.04514pt x 85.44421pt.

Overfull \hbox (69.04514pt too wide) in paragraph at lines 3525--3526
[][] 
 []

<images/img54.png, id=500, 688.5725pt x 200.75pt>
File: images/img54.png Graphic file (type png)
<use images/img54.png>
Package pdftex.def Info: images/img54.png  used on input line 3542.
(pdftex.def)             Requested size: 376.40454pt x 109.73892pt.

Overfull \hbox (31.40454pt too wide) in paragraph at lines 3542--3543
[][] 
 []


Underfull \vbox (badness 1281) has occurred while \output is active []



[64 <./images/img52.png (PNG copy)> <./images/img53.png (PNG copy)>]
Underfull \hbox (badness 10000) in paragraph at lines 3611--3613

 []




Overfull \hbox (37.97762pt too wide) has occurred while \output is active
\T1/lmr/m/sl/10 CENTRAL LIMIT THEOREM (SAMPLING DISTRIBUTION OF SAMPLE MEAN) \T1/lmr/m/n/10 65
 []

[65 <./images/img54.png (PNG copy)>]
Underfull \hbox (badness 10000) in paragraph at lines 3613--3615

 []


Underfull \hbox (badness 10000) in paragraph at lines 3615--3617

 []


Underfull \hbox (badness 10000) in paragraph at lines 3617--3619

 []


Underfull \hbox (badness 10000) in paragraph at lines 3619--3621

 []



[66]
Underfull \hbox (badness 2600) in paragraph at lines 3717--3719
[]\T1/lmr/m/it/10 (a) \T1/lmr/m/n/10 Write the hy-pothe-ses in sym-bols: $\OML/lmm/m/it/10 H[]$\T1/lmr/m/n/10 : ____________ $\OML/lmm/m/it/10 H[]$\T1/lmr/m/n/10 :
 []




Overfull \hbox (37.97762pt too wide) has occurred while \output is active
\T1/lmr/m/sl/10 CENTRAL LIMIT THEOREM (SAMPLING DISTRIBUTION OF SAMPLE MEAN) \T1/lmr/m/n/10 67
 []

[67]
Underfull \hbox (badness 2600) in paragraph at lines 3739--3741
[]\T1/lmr/m/it/10 (a) \T1/lmr/m/n/10 Write the hy-pothe-ses in sym-bols: $\OML/lmm/m/it/10 H[]$\T1/lmr/m/n/10 : ____________ $\OML/lmm/m/it/10 H[]$\T1/lmr/m/n/10 :
 []



[68]

[69

]
<images/img55.png, id=539, 205.76875pt x 126.4725pt>
File: images/img55.png Graphic file (type png)
<use images/img55.png>
Package pdftex.def Info: images/img55.png  used on input line 3865.
(pdftex.def)             Requested size: 150.56158pt x 92.54028pt.


[70 <./images/img55.png (PNG copy)>]

[71]

[72

] (./_main.aux)
 ***********
LaTeX2e <2024-11-01> patch level 2
L3 programming layer <2025-01-18>
 ***********
 ) 
Here is how much of TeX's memory you used:
 12007 strings out of 475172
 183821 string characters out of 5765189
 590264 words of memory out of 5000000
 34540 multiletter control sequences out of 15000+600000
 639996 words of font info for 89 fonts, out of 8000000 for 9000
 14 hyphenation exceptions out of 8191
 89i,10n,93p,955b,602s stack positions out of 10000i,1000n,20000p,200000b,200000s
</Users/tobzzy/Library/TinyTeX/texmf-dist/fonts/type1/public/lm/lmbx10.pfb></Users/tobzzy/Library/TinyTeX/texmf-dist/fonts/type1/public/lm/lmbx12.pfb></Users/tobzzy/Library/TinyTeX/texmf-dist/fonts/type1/public/lm/lmex10.pfb></Users/tobzzy/Library/TinyTeX/texmf-dist/fonts/type1/public/lm/lmmi10.pfb></Users/tobzzy/Library/TinyTeX/texmf-dist/fonts/type1/public/lm/lmmi12.pfb></Users/tobzzy/Library/TinyTeX/texmf-dist/fonts/type1/public/lm/lmmi5.pfb></Users/tobzzy/Library/TinyTeX/texmf-dist/fonts/type1/public/lm/lmmi7.pfb></Users/tobzzy/Library/TinyTeX/texmf-dist/fonts/type1/public/lm/lmr10.pfb></Users/tobzzy/Library/TinyTeX/texmf-dist/fonts/type1/public/lm/lmr12.pfb></Users/tobzzy/Library/TinyTeX/texmf-dist/fonts/type1/public/lm/lmr17.pfb></Users/tobzzy/Library/TinyTeX/texmf-dist/fonts/type1/public/lm/lmr5.pfb></Users/tobzzy/Library/TinyTeX/texmf-dist/fonts/type1/public/lm/lmr7.pfb></Users/tobzzy/Library/TinyTeX/texmf-dist/fonts/type1/public/lm/lmri10.pfb></Users/tobzzy/Library/TinyTeX/texmf-dist/fonts/type1/public/lm/lmro10.pfb></Users/tobzzy/Library/TinyTeX/texmf-dist/fonts/type1/public/lm/lmsy10.pfb></Users/tobzzy/Library/TinyTeX/texmf-dist/fonts/type1/public/lm/lmsy5.pfb></Users/tobzzy/Library/TinyTeX/texmf-dist/fonts/type1/public/lm/lmsy7.pfb></Users/tobzzy/Library/TinyTeX/texmf-dist/fonts/type1/public/lm/lmtk10.pfb></Users/tobzzy/Library/TinyTeX/texmf-dist/fonts/type1/public/lm/lmtko10.pfb></Users/tobzzy/Library/TinyTeX/texmf-dist/fonts/type1/public/lm/lmtt10.pfb>
Output written on _main.pdf (74 pages, 1105826 bytes).
PDF statistics:
 797 PDF objects out of 1000 (max. 8388607)
 650 compressed objects within 7 object streams
 267 named destinations out of 1000 (max. 500000)
 315 words of extra memory for PDF output out of 10000 (max. 10000000)

