This is pdfTeX, Version 3.141592653-2.6-1.40.26 (TeX Live 2024) (preloaded format=pdflatex 2025.2.24)  14 MAR 2025 16:54
entering extended mode
 restricted \write18 enabled.
 %&-line parsing enabled.
**MATH-224-Workbook.tex
(./MATH-224-Workbook.tex
LaTeX2e <2024-11-01> patch level 2
L3 programming layer <2025-01-18>
(/Users/tobzzy/Library/TinyTeX/texmf-dist/tex/latex/base/book.cls
Document Class: book 2024/06/29 v1.4n Standard LaTeX document class
(/Users/tobzzy/Library/TinyTeX/texmf-dist/tex/latex/base/bk10.clo
File: bk10.clo 2024/06/29 v1.4n Standard LaTeX file (size option)
)
\c@part=\count196
\c@chapter=\count197
\c@section=\count198
\c@subsection=\count199
\c@subsubsection=\count266
\c@paragraph=\count267
\c@subparagraph=\count268
\c@figure=\count269
\c@table=\count270
\abovecaptionskip=\skip49
\belowcaptionskip=\skip50
\bibindent=\dimen141
) (/Users/tobzzy/Library/TinyTeX/texmf-dist/tex/latex/amsmath/amsmath.sty
Package: amsmath 2024/11/05 v2.17t AMS math features
\@mathmargin=\skip51
For additional information on amsmath, use the `?' option.
(/Users/tobzzy/Library/TinyTeX/texmf-dist/tex/latex/amsmath/amstext.sty
Package: amstext 2021/08/26 v2.01 AMS text
(/Users/tobzzy/Library/TinyTeX/texmf-dist/tex/latex/amsmath/amsgen.sty
File: amsgen.sty 1999/11/30 v2.0 generic functions
\@emptytoks=\toks17
\ex@=\dimen142
)) (/Users/tobzzy/Library/TinyTeX/texmf-dist/tex/latex/amsmath/amsbsy.sty
Package: amsbsy 1999/11/29 v1.2d Bold Symbols
\pmbraise@=\dimen143
) (/Users/tobzzy/Library/TinyTeX/texmf-dist/tex/latex/amsmath/amsopn.sty
Package: amsopn 2022/04/08 v2.04 operator names
)
\inf@bad=\count271
LaTeX Info: Redefining \frac on input line 233.
\uproot@=\count272
\leftroot@=\count273
LaTeX Info: Redefining \overline on input line 398.
LaTeX Info: Redefining \colon on input line 409.
\classnum@=\count274
\DOTSCASE@=\count275
LaTeX Info: Redefining \ldots on input line 495.
LaTeX Info: Redefining \dots on input line 498.
LaTeX Info: Redefining \cdots on input line 619.
\Mathstrutbox@=\box52
\strutbox@=\box53
LaTeX Info: Redefining \big on input line 721.
LaTeX Info: Redefining \Big on input line 722.
LaTeX Info: Redefining \bigg on input line 723.
LaTeX Info: Redefining \Bigg on input line 724.
\big@size=\dimen144
LaTeX Font Info:    Redeclaring font encoding OML on input line 742.
LaTeX Font Info:    Redeclaring font encoding OMS on input line 743.
\macc@depth=\count276
LaTeX Info: Redefining \bmod on input line 904.
LaTeX Info: Redefining \pmod on input line 909.
LaTeX Info: Redefining \smash on input line 939.
LaTeX Info: Redefining \relbar on input line 969.
LaTeX Info: Redefining \Relbar on input line 970.
\c@MaxMatrixCols=\count277
\dotsspace@=\muskip17
\c@parentequation=\count278
\dspbrk@lvl=\count279
\tag@help=\toks18
\row@=\count280
\column@=\count281
\maxfields@=\count282
\andhelp@=\toks19
\eqnshift@=\dimen145
\alignsep@=\dimen146
\tagshift@=\dimen147
\tagwidth@=\dimen148
\totwidth@=\dimen149
\lineht@=\dimen150
\@envbody=\toks20
\multlinegap=\skip52
\multlinetaggap=\skip53
\mathdisplay@stack=\toks21
LaTeX Info: Redefining \[ on input line 2953.
LaTeX Info: Redefining \] on input line 2954.
) (/Users/tobzzy/Library/TinyTeX/texmf-dist/tex/latex/amsfonts/amssymb.sty
Package: amssymb 2013/01/14 v3.01 AMS font symbols
(/Users/tobzzy/Library/TinyTeX/texmf-dist/tex/latex/amsfonts/amsfonts.sty
Package: amsfonts 2013/01/14 v3.01 Basic AMSFonts support
\symAMSa=\mathgroup4
\symAMSb=\mathgroup5
LaTeX Font Info:    Redeclaring math symbol \hbar on input line 98.
LaTeX Font Info:    Overwriting math alphabet `\mathfrak' in version `bold'
(Font)                  U/euf/m/n --> U/euf/b/n on input line 106.
)) (/Users/tobzzy/Library/TinyTeX/texmf-dist/tex/generic/iftex/iftex.sty
Package: iftex 2024/12/12 v1.0g TeX engine tests
) (/Users/tobzzy/Library/TinyTeX/texmf-dist/tex/latex/base/fontenc.sty
Package: fontenc 2021/04/29 v2.0v Standard LaTeX package
) (/Users/tobzzy/Library/TinyTeX/texmf-dist/tex/latex/base/inputenc.sty
Package: inputenc 2024/02/08 v1.3d Input encoding file
\inpenc@prehook=\toks22
\inpenc@posthook=\toks23
) (/Users/tobzzy/Library/TinyTeX/texmf-dist/tex/latex/base/textcomp.sty
Package: textcomp 2024/04/24 v2.1b Standard LaTeX package
) (/Users/tobzzy/Library/TinyTeX/texmf-dist/tex/latex/lm/lmodern.sty
Package: lmodern 2015/05/01 v1.6.1 Latin Modern Fonts
LaTeX Font Info:    Overwriting symbol font `operators' in version `normal'
(Font)                  OT1/cmr/m/n --> OT1/lmr/m/n on input line 22.
LaTeX Font Info:    Overwriting symbol font `letters' in version `normal'
(Font)                  OML/cmm/m/it --> OML/lmm/m/it on input line 23.
LaTeX Font Info:    Overwriting symbol font `symbols' in version `normal'
(Font)                  OMS/cmsy/m/n --> OMS/lmsy/m/n on input line 24.
LaTeX Font Info:    Overwriting symbol font `largesymbols' in version `normal'
(Font)                  OMX/cmex/m/n --> OMX/lmex/m/n on input line 25.
LaTeX Font Info:    Overwriting symbol font `operators' in version `bold'
(Font)                  OT1/cmr/bx/n --> OT1/lmr/bx/n on input line 26.
LaTeX Font Info:    Overwriting symbol font `letters' in version `bold'
(Font)                  OML/cmm/b/it --> OML/lmm/b/it on input line 27.
LaTeX Font Info:    Overwriting symbol font `symbols' in version `bold'
(Font)                  OMS/cmsy/b/n --> OMS/lmsy/b/n on input line 28.
LaTeX Font Info:    Overwriting symbol font `largesymbols' in version `bold'
(Font)                  OMX/cmex/m/n --> OMX/lmex/m/n on input line 29.
LaTeX Font Info:    Overwriting math alphabet `\mathbf' in version `normal'
(Font)                  OT1/cmr/bx/n --> OT1/lmr/bx/n on input line 31.
LaTeX Font Info:    Overwriting math alphabet `\mathsf' in version `normal'
(Font)                  OT1/cmss/m/n --> OT1/lmss/m/n on input line 32.
LaTeX Font Info:    Overwriting math alphabet `\mathit' in version `normal'
(Font)                  OT1/cmr/m/it --> OT1/lmr/m/it on input line 33.
LaTeX Font Info:    Overwriting math alphabet `\mathtt' in version `normal'
(Font)                  OT1/cmtt/m/n --> OT1/lmtt/m/n on input line 34.
LaTeX Font Info:    Overwriting math alphabet `\mathbf' in version `bold'
(Font)                  OT1/cmr/bx/n --> OT1/lmr/bx/n on input line 35.
LaTeX Font Info:    Overwriting math alphabet `\mathsf' in version `bold'
(Font)                  OT1/cmss/bx/n --> OT1/lmss/bx/n on input line 36.
LaTeX Font Info:    Overwriting math alphabet `\mathit' in version `bold'
(Font)                  OT1/cmr/bx/it --> OT1/lmr/bx/it on input line 37.
LaTeX Font Info:    Overwriting math alphabet `\mathtt' in version `bold'
(Font)                  OT1/cmtt/m/n --> OT1/lmtt/m/n on input line 38.
) (/Users/tobzzy/Library/TinyTeX/texmf-dist/tex/latex/xcolor/xcolor.sty
Package: xcolor 2024/09/29 v3.02 LaTeX color extensions (UK)
(/Users/tobzzy/Library/TinyTeX/texmf-dist/tex/latex/graphics-cfg/color.cfg
File: color.cfg 2016/01/02 v1.6 sample color configuration
)
Package xcolor Info: Driver file: pdftex.def on input line 274.
(/Users/tobzzy/Library/TinyTeX/texmf-dist/tex/latex/graphics-def/pdftex.def
File: pdftex.def 2024/04/13 v1.2c Graphics/color driver for pdftex
) (/Users/tobzzy/Library/TinyTeX/texmf-dist/tex/latex/graphics/mathcolor.ltx)
Package xcolor Info: Model `cmy' substituted by `cmy0' on input line 1349.
Package xcolor Info: Model `hsb' substituted by `rgb' on input line 1353.
Package xcolor Info: Model `RGB' extended on input line 1365.
Package xcolor Info: Model `HTML' substituted by `rgb' on input line 1367.
Package xcolor Info: Model `Hsb' substituted by `hsb' on input line 1368.
Package xcolor Info: Model `tHsb' substituted by `hsb' on input line 1369.
Package xcolor Info: Model `HSB' substituted by `hsb' on input line 1370.
Package xcolor Info: Model `Gray' substituted by `gray' on input line 1371.
Package xcolor Info: Model `wave' substituted by `hsb' on input line 1372.
) (/Users/tobzzy/Library/TinyTeX/texmf-dist/tex/latex/fancyvrb/fancyvrb.sty
Package: fancyvrb 2024/01/20 4.5c verbatim text (tvz,hv)
(/Users/tobzzy/Library/TinyTeX/texmf-dist/tex/latex/graphics/keyval.sty
Package: keyval 2022/05/29 v1.15 key=value parser (DPC)
\KV@toks@=\toks24
)
\FV@CodeLineNo=\count283
\FV@InFile=\read2
\FV@TabBox=\box54
\c@FancyVerbLine=\count284
\FV@StepNumber=\count285
\FV@OutFile=\write3
) (/Users/tobzzy/Library/TinyTeX/texmf-dist/tex/latex/framed/framed.sty
Package: framed 2011/10/22 v 0.96: framed or shaded text with page breaks
\OuterFrameSep=\skip54
\fb@frw=\dimen151
\fb@frh=\dimen152
\FrameRule=\dimen153
\FrameSep=\dimen154
) (/Users/tobzzy/Library/TinyTeX/texmf-dist/tex/latex/tools/longtable.sty
Package: longtable 2024-10-27 v4.22 Multi-page Table package (DPC)
\LTleft=\skip55
\LTright=\skip56
\LTpre=\skip57
\LTpost=\skip58
\LTchunksize=\count286
\LTcapwidth=\dimen155
\LT@head=\box55
\LT@firsthead=\box56
\LT@foot=\box57
\LT@lastfoot=\box58
\LT@gbox=\box59
\LT@cols=\count287
\LT@rows=\count288
\c@LT@tables=\count289
\c@LT@chunks=\count290
\LT@p@ftn=\toks25
) (/Users/tobzzy/Library/TinyTeX/texmf-dist/tex/latex/booktabs/booktabs.sty
Package: booktabs 2020/01/12 v1.61803398 Publication quality tables
\heavyrulewidth=\dimen156
\lightrulewidth=\dimen157
\cmidrulewidth=\dimen158
\belowrulesep=\dimen159
\belowbottomsep=\dimen160
\aboverulesep=\dimen161
\abovetopsep=\dimen162
\cmidrulesep=\dimen163
\cmidrulekern=\dimen164
\defaultaddspace=\dimen165
\@cmidla=\count291
\@cmidlb=\count292
\@aboverulesep=\dimen166
\@belowrulesep=\dimen167
\@thisruleclass=\count293
\@lastruleclass=\count294
\@thisrulewidth=\dimen168
) (/Users/tobzzy/Library/TinyTeX/texmf-dist/tex/latex/tools/array.sty
Package: array 2024/10/17 v2.6g Tabular extension package (FMi)
\col@sep=\dimen169
\ar@mcellbox=\box60
\extrarowheight=\dimen170
\NC@list=\toks26
\extratabsurround=\skip59
\backup@length=\skip60
\ar@cellbox=\box61
) (/Users/tobzzy/Library/TinyTeX/texmf-dist/tex/latex/tools/calc.sty
Package: calc 2023/07/08 v4.3 Infix arithmetic (KKT,FJ)
\calc@Acount=\count295
\calc@Bcount=\count296
\calc@Adimen=\dimen171
\calc@Bdimen=\dimen172
\calc@Askip=\skip61
\calc@Bskip=\skip62
LaTeX Info: Redefining \setlength on input line 80.
LaTeX Info: Redefining \addtolength on input line 81.
\calc@Ccount=\count297
\calc@Cskip=\skip63
) (/Users/tobzzy/Library/TinyTeX/texmf-dist/tex/latex/etoolbox/etoolbox.sty
Package: etoolbox 2025/02/11 v2.5l e-TeX tools for LaTeX (JAW)
\etb@tempcnta=\count298
) (/Users/tobzzy/Library/TinyTeX/texmf-dist/tex/latex/mdwtools/footnote.sty
Package: footnote 1997/01/28 1.13 Save footnotes around boxes
\fn@notes=\box62
\fn@width=\dimen173
) (/Users/tobzzy/Library/TinyTeX/texmf-dist/tex/latex/graphics/graphicx.sty
Package: graphicx 2021/09/16 v1.2d Enhanced LaTeX Graphics (DPC,SPQR)
(/Users/tobzzy/Library/TinyTeX/texmf-dist/tex/latex/graphics/graphics.sty
Package: graphics 2024/08/06 v1.4g Standard LaTeX Graphics (DPC,SPQR)
(/Users/tobzzy/Library/TinyTeX/texmf-dist/tex/latex/graphics/trig.sty
Package: trig 2023/12/02 v1.11 sin cos tan (DPC)
) (/Users/tobzzy/Library/TinyTeX/texmf-dist/tex/latex/graphics-cfg/graphics.cfg
File: graphics.cfg 2016/06/04 v1.11 sample graphics configuration
)
Package graphics Info: Driver file: pdftex.def on input line 106.
)
\Gin@req@height=\dimen174
\Gin@req@width=\dimen175
) (/Users/tobzzy/Library/TinyTeX/texmf-dist/tex/latex/bookmark/bookmark.sty
Package: bookmark 2023-12-10 v1.31 PDF bookmarks (HO)
(/Users/tobzzy/Library/TinyTeX/texmf-dist/tex/latex/hyperref/hyperref.sty
Package: hyperref 2024-11-05 v7.01l Hypertext links for LaTeX
(/Users/tobzzy/Library/TinyTeX/texmf-dist/tex/latex/kvsetkeys/kvsetkeys.sty
Package: kvsetkeys 2022-10-05 v1.19 Key value parser (HO)
) (/Users/tobzzy/Library/TinyTeX/texmf-dist/tex/generic/kvdefinekeys/kvdefinekeys.sty
Package: kvdefinekeys 2019-12-19 v1.6 Define keys (HO)
) (/Users/tobzzy/Library/TinyTeX/texmf-dist/tex/generic/pdfescape/pdfescape.sty
Package: pdfescape 2019/12/09 v1.15 Implements pdfTeX's escape features (HO)
(/Users/tobzzy/Library/TinyTeX/texmf-dist/tex/generic/ltxcmds/ltxcmds.sty
Package: ltxcmds 2023-12-04 v1.26 LaTeX kernel commands for general use (HO)
) (/Users/tobzzy/Library/TinyTeX/texmf-dist/tex/generic/pdftexcmds/pdftexcmds.sty
Package: pdftexcmds 2020-06-27 v0.33 Utility functions of pdfTeX for LuaTeX (HO)
(/Users/tobzzy/Library/TinyTeX/texmf-dist/tex/generic/infwarerr/infwarerr.sty
Package: infwarerr 2019/12/03 v1.5 Providing info/warning/error messages (HO)
)
Package pdftexcmds Info: \pdf@primitive is available.
Package pdftexcmds Info: \pdf@ifprimitive is available.
Package pdftexcmds Info: \pdfdraftmode found.
)) (/Users/tobzzy/Library/TinyTeX/texmf-dist/tex/latex/hycolor/hycolor.sty
Package: hycolor 2020-01-27 v1.10 Color options for hyperref/bookmark (HO)
) (/Users/tobzzy/Library/TinyTeX/texmf-dist/tex/latex/hyperref/nameref.sty
Package: nameref 2023-11-26 v2.56 Cross-referencing by name of section
(/Users/tobzzy/Library/TinyTeX/texmf-dist/tex/latex/refcount/refcount.sty
Package: refcount 2019/12/15 v3.6 Data extraction from label references (HO)
) (/Users/tobzzy/Library/TinyTeX/texmf-dist/tex/generic/gettitlestring/gettitlestring.sty
Package: gettitlestring 2019/12/15 v1.6 Cleanup title references (HO)
(/Users/tobzzy/Library/TinyTeX/texmf-dist/tex/latex/kvoptions/kvoptions.sty
Package: kvoptions 2022-06-15 v3.15 Key value format for package options (HO)
))
\c@section@level=\count299
) (/Users/tobzzy/Library/TinyTeX/texmf-dist/tex/generic/stringenc/stringenc.sty
Package: stringenc 2019/11/29 v1.12 Convert strings between diff. encodings (HO)
)
\@linkdim=\dimen176
\Hy@linkcounter=\count300
\Hy@pagecounter=\count301
(/Users/tobzzy/Library/TinyTeX/texmf-dist/tex/latex/hyperref/pd1enc.def
File: pd1enc.def 2024-11-05 v7.01l Hyperref: PDFDocEncoding definition (HO)
Now handling font encoding PD1 ...
... no UTF-8 mapping file for font encoding PD1
) (/Users/tobzzy/Library/TinyTeX/texmf-dist/tex/generic/intcalc/intcalc.sty
Package: intcalc 2019/12/15 v1.3 Expandable calculations with integers (HO)
)
\Hy@SavedSpaceFactor=\count302
(/Users/tobzzy/Library/TinyTeX/texmf-dist/tex/latex/hyperref/puenc.def
File: puenc.def 2024-11-05 v7.01l Hyperref: PDF Unicode definition (HO)
Now handling font encoding PU ...
... no UTF-8 mapping file for font encoding PU
)
Package hyperref Info: Option `unicode' set `true' on input line 4040.
Package hyperref Info: Hyper figures OFF on input line 4157.
Package hyperref Info: Link nesting OFF on input line 4162.
Package hyperref Info: Hyper index ON on input line 4165.
Package hyperref Info: Plain pages OFF on input line 4172.
Package hyperref Info: Backreferencing OFF on input line 4177.
Package hyperref Info: Implicit mode ON; LaTeX internals redefined.
Package hyperref Info: Bookmarks ON on input line 4424.
\c@Hy@tempcnt=\count303
(/Users/tobzzy/Library/TinyTeX/texmf-dist/tex/latex/url/url.sty
\Urlmuskip=\muskip18
Package: url 2013/09/16  ver 3.4  Verb mode for urls, etc.
)
LaTeX Info: Redefining \url on input line 4763.
\XeTeXLinkMargin=\dimen177
(/Users/tobzzy/Library/TinyTeX/texmf-dist/tex/generic/bitset/bitset.sty
Package: bitset 2019/12/09 v1.3 Handle bit-vector datatype (HO)
(/Users/tobzzy/Library/TinyTeX/texmf-dist/tex/generic/bigintcalc/bigintcalc.sty
Package: bigintcalc 2019/12/15 v1.5 Expandable calculations on big integers (HO)
))
\Fld@menulength=\count304
\Field@Width=\dimen178
\Fld@charsize=\dimen179
Package hyperref Info: Hyper figures OFF on input line 6042.
Package hyperref Info: Link nesting OFF on input line 6047.
Package hyperref Info: Hyper index ON on input line 6050.
Package hyperref Info: backreferencing OFF on input line 6057.
Package hyperref Info: Link coloring OFF on input line 6062.
Package hyperref Info: Link coloring with OCG OFF on input line 6067.
Package hyperref Info: PDF/A mode OFF on input line 6072.
(/Users/tobzzy/Library/TinyTeX/texmf-dist/tex/latex/base/atbegshi-ltx.sty
Package: atbegshi-ltx 2021/01/10 v1.0c Emulation of the original atbegshi
package with kernel methods
)
\Hy@abspage=\count305
\c@Item=\count306
\c@Hfootnote=\count307
)
Package hyperref Info: Driver (autodetected): hpdftex.
(/Users/tobzzy/Library/TinyTeX/texmf-dist/tex/latex/hyperref/hpdftex.def
File: hpdftex.def 2024-11-05 v7.01l Hyperref driver for pdfTeX
(/Users/tobzzy/Library/TinyTeX/texmf-dist/tex/latex/base/atveryend-ltx.sty
Package: atveryend-ltx 2020/08/19 v1.0a Emulation of the original atveryend package
with kernel methods
)
\Fld@listcount=\count308
\c@bookmark@seq@number=\count309
(/Users/tobzzy/Library/TinyTeX/texmf-dist/tex/latex/rerunfilecheck/rerunfilecheck.sty
Package: rerunfilecheck 2022-07-10 v1.10 Rerun checks for auxiliary files (HO)
(/Users/tobzzy/Library/TinyTeX/texmf-dist/tex/generic/uniquecounter/uniquecounter.sty
Package: uniquecounter 2019/12/15 v1.4 Provide unlimited unique counter (HO)
)
Package uniquecounter Info: New unique counter `rerunfilecheck' on input line 285.
)
\Hy@SectionHShift=\skip64
) (/Users/tobzzy/Library/TinyTeX/texmf-dist/tex/latex/bookmark/bkm-pdftex.def
File: bkm-pdftex.def 2023-12-10 v1.31 bookmark driver for pdfTeX and luaTeX (HO)
\BKM@id=\count310
))
LaTeX Font Info:    Trying to load font information for T1+lmr on input line 122.
(/Users/tobzzy/Library/TinyTeX/texmf-dist/tex/latex/lm/t1lmr.fd
File: t1lmr.fd 2015/05/01 v1.6.1 Font defs for Latin Modern
) (/Users/tobzzy/Library/TinyTeX/texmf-dist/tex/latex/l3backend/l3backend-pdftex.def
File: l3backend-pdftex.def 2024-05-08 L3 backend support: PDF output (pdfTeX)
\l__color_backend_stack_int=\count311
\l__pdf_internal_box=\box63
) (./MATH-224-Workbook.aux)
\openout1 = `MATH-224-Workbook.aux'.

LaTeX Font Info:    Checking defaults for OML/cmm/m/it on input line 122.
LaTeX Font Info:    ... okay on input line 122.
LaTeX Font Info:    Checking defaults for OMS/cmsy/m/n on input line 122.
LaTeX Font Info:    ... okay on input line 122.
LaTeX Font Info:    Checking defaults for OT1/cmr/m/n on input line 122.
LaTeX Font Info:    ... okay on input line 122.
LaTeX Font Info:    Checking defaults for T1/cmr/m/n on input line 122.
LaTeX Font Info:    ... okay on input line 122.
LaTeX Font Info:    Checking defaults for TS1/cmr/m/n on input line 122.
LaTeX Font Info:    ... okay on input line 122.
LaTeX Font Info:    Checking defaults for OMX/cmex/m/n on input line 122.
LaTeX Font Info:    ... okay on input line 122.
LaTeX Font Info:    Checking defaults for U/cmr/m/n on input line 122.
LaTeX Font Info:    ... okay on input line 122.
LaTeX Font Info:    Checking defaults for PD1/pdf/m/n on input line 122.
LaTeX Font Info:    ... okay on input line 122.
LaTeX Font Info:    Checking defaults for PU/pdf/m/n on input line 122.
LaTeX Font Info:    ... okay on input line 122.
(/Users/tobzzy/Library/TinyTeX/texmf-dist/tex/latex/epstopdf-pkg/epstopdf-base.sty
Package: epstopdf-base 2020-01-24 v2.11 Base part for package epstopdf
Package epstopdf-base Info: Redefining graphics rule for `.eps' on input line 485.
(/Users/tobzzy/Library/TinyTeX/texmf-dist/tex/latex/latexconfig/epstopdf-sys.cfg
File: epstopdf-sys.cfg 2010/07/13 v1.3 Configuration of (r)epstopdf for TeX Live
))
Package hyperref Info: Link coloring OFF on input line 122.
LaTeX Font Info:    Trying to load font information for OT1+lmr on input line 124.
(/Users/tobzzy/Library/TinyTeX/texmf-dist/tex/latex/lm/ot1lmr.fd
File: ot1lmr.fd 2015/05/01 v1.6.1 Font defs for Latin Modern
)
LaTeX Font Info:    Trying to load font information for OML+lmm on input line 124.
(/Users/tobzzy/Library/TinyTeX/texmf-dist/tex/latex/lm/omllmm.fd
File: omllmm.fd 2015/05/01 v1.6.1 Font defs for Latin Modern
)
LaTeX Font Info:    Trying to load font information for OMS+lmsy on input line 124.
(/Users/tobzzy/Library/TinyTeX/texmf-dist/tex/latex/lm/omslmsy.fd
File: omslmsy.fd 2015/05/01 v1.6.1 Font defs for Latin Modern
)
LaTeX Font Info:    Trying to load font information for OMX+lmex on input line 124.
(/Users/tobzzy/Library/TinyTeX/texmf-dist/tex/latex/lm/omxlmex.fd
File: omxlmex.fd 2015/05/01 v1.6.1 Font defs for Latin Modern
)
LaTeX Font Info:    External font `lmex10' loaded for size
(Font)              <12> on input line 124.
LaTeX Font Info:    External font `lmex10' loaded for size
(Font)              <8> on input line 124.
LaTeX Font Info:    External font `lmex10' loaded for size
(Font)              <6> on input line 124.
LaTeX Font Info:    Trying to load font information for U+msa on input line 124.
(/Users/tobzzy/Library/TinyTeX/texmf-dist/tex/latex/amsfonts/umsa.fd
File: umsa.fd 2013/01/14 v3.01 AMS symbols A
)
LaTeX Font Info:    Trying to load font information for U+msb on input line 124.
(/Users/tobzzy/Library/TinyTeX/texmf-dist/tex/latex/amsfonts/umsb.fd
File: umsb.fd 2013/01/14 v3.01 AMS symbols B
)

[1


{/Users/tobzzy/Library/TinyTeX/texmf-var/fonts/map/pdftex/updmap/pdftex.map}{/Users/tobzzy/Library/TinyTeX/texmf-dist/fonts/enc/dvips/lm/lm-ec.enc}]

[2

] (./MATH-224-Workbook.toc
LaTeX Font Info:    External font `lmex10' loaded for size
(Font)              <10> on input line 2.
LaTeX Font Info:    External font `lmex10' loaded for size
(Font)              <7> on input line 2.
LaTeX Font Info:    External font `lmex10' loaded for size
(Font)              <5> on input line 2.
)
\tf@toc=\write4
\openout4 = `MATH-224-Workbook.toc'.



[3{/Users/tobzzy/Library/TinyTeX/texmf-dist/fonts/enc/dvips/lm/lm-mathit.enc}]

[4

]

[5]

[6

]

[7]

[8

]
Chapter 1.
LaTeX Font Info:    Trying to load font information for TS1+lmr on input line 189.
(/Users/tobzzy/Library/TinyTeX/texmf-dist/tex/latex/lm/ts1lmr.fd
File: ts1lmr.fd 2015/05/01 v1.6.1 Font defs for Latin Modern
)

[9{/Users/tobzzy/Library/TinyTeX/texmf-dist/fonts/enc/dvips/lm/lm-ts1.enc}]

[10]

[11]
LaTeX Font Info:    Trying to load font information for T1+lmtt on input line 311.
(/Users/tobzzy/Library/TinyTeX/texmf-dist/tex/latex/lm/t1lmtt.fd
File: t1lmtt.fd 2015/05/01 v1.6.1 Font defs for Latin Modern
)
<images/random-sample.png, id=103, 602.25pt x 305.64188pt>
File: images/random-sample.png Graphic file (type png)
<use images/random-sample.png>
Package pdftex.def Info: images/random-sample.png  used on input line 337.
(pdftex.def)             Requested size: 345.0137pt x 175.09444pt.


[12]
<images/stratified-sample.png, id=110, 602.25pt x 301.125pt>
File: images/stratified-sample.png Graphic file (type png)
<use images/stratified-sample.png>
Package pdftex.def Info: images/stratified-sample.png  used on input line 343.
(pdftex.def)             Requested size: 345.0137pt x 172.50684pt.
<images/cluster-sample.png, id=111, 602.25pt x 301.125pt>
File: images/cluster-sample.png Graphic file (type png)
<use images/cluster-sample.png>
Package pdftex.def Info: images/cluster-sample.png  used on input line 349.
(pdftex.def)             Requested size: 345.0137pt x 172.50684pt.


[13 <./images/random-sample.png> <./images/stratified-sample.png>]
<images/multistage-sample.png, id=119, 602.25pt x 303.38344pt>
File: images/multistage-sample.png Graphic file (type png)
<use images/multistage-sample.png>
Package pdftex.def Info: images/multistage-sample.png  used on input line 355.
(pdftex.def)             Requested size: 345.0137pt x 173.80064pt.


[14 <./images/cluster-sample.png> <./images/multistage-sample.png>]
<images/explanatory-single.png, id=127, 566.115pt x 768.8725pt>
File: images/explanatory-single.png Graphic file (type png)
<use images/explanatory-single.png>
Package pdftex.def Info: images/explanatory-single.png  used on input line 387.
(pdftex.def)             Requested size: 103.49437pt x 140.5615pt.


[15]
<images/explanatory-multivariate.png, id=132, 1175.39125pt x 759.83875pt>
File: images/explanatory-multivariate.png Graphic file (type png)
<use images/explanatory-multivariate.png>
Package pdftex.def Info: images/explanatory-multivariate.png  used on input line 393.
(pdftex.def)             Requested size: 172.49886pt x 111.51292pt.
<images/explanatory-multivariate-example.png, id=133, 1204.5pt x 784.9325pt>
File: images/explanatory-multivariate-example.png Graphic file (type png)
<use images/explanatory-multivariate-example.png>
Package pdftex.def Info: images/explanatory-multivariate-example.png  used on input line 397.
(pdftex.def)             Requested size: 172.48848pt x 112.40498pt.


[16 <./images/explanatory-single.png> <./images/explanatory-multivariate.png> <./images/explanatory-multivariate-example.png>]
<images/simpson-paradox-plot.png, id=141, 401.24907pt x 248.42813pt>
File: images/simpson-paradox-plot.png Graphic file (type png)
<use images/simpson-paradox-plot.png>
Package pdftex.def Info: images/simpson-paradox-plot.png  used on input line 403.
(pdftex.def)             Requested size: 172.50311pt x 106.80305pt.


[17 <./images/simpson-paradox-plot.png>]
Overfull \hbox (2.9956pt too wide) in paragraph at lines 472--472
[]|\T1/lmr/bx/n/10 Treatment|  
 []


Overfull \hbox (2.9956pt too wide) in paragraph at lines 510--510
[]|\T1/lmr/bx/n/10 Treatment|  
 []



[18]
Overfull \hbox (8.0858pt too wide) in paragraph at lines 529--530
[]\T1/lmr/m/n/10 loan.amount  
 []


Overfull \hbox (4.25923pt too wide) in paragraph at lines 539--540
[]\T1/lmr/m/n/10 total.income  
 []


Overfull \hbox (13.84843pt too wide) in paragraph at lines 541--542
[]\T1/lmr/m/n/10 homeownership  
 []



[19]

[20]

[21]

[22]

[23{/Users/tobzzy/Library/TinyTeX/texmf-dist/fonts/enc/dvips/lm/lm-rm.enc}{/Users/tobzzy/Library/TinyTeX/texmf-dist/fonts/enc/dvips/lm/lm-mathex.enc}]

[24{/Users/tobzzy/Library/TinyTeX/texmf-dist/fonts/enc/dvips/lm/lm-mathsy.enc}]
Underfull \hbox (badness 10000) in paragraph at lines 773--775

 []



[25]
<images/img23.png, id=214, 692.5875pt x 295.1025pt>
File: images/img23.png Graphic file (type png)
<use images/img23.png>
Package pdftex.def Info: images/img23.png  used on input line 816.
(pdftex.def)             Requested size: 264.9931pt x 112.9101pt.

Underfull \hbox (badness 10000) in paragraph at lines 830--832
[]\T1/lmtt/m/n/10 x <- c(5, 5, 5, 6, 6, 6, 7, 7, 7, 7, 7, 8, 8, 8, 8, 9, 9,
 []


Underfull \hbox (badness 10000) in paragraph at lines 830--832
\T1/lmtt/m/n/10 9, 9, 9, 10, 10, 10, 10, 10, 10, 10, 10, 11, 11, 11, 11, 11,
 []


Underfull \hbox (badness 10000) in paragraph at lines 830--832
\T1/lmtt/m/n/10 12, 13, 13, 13, 14, 15, 16, 17, 17, 17, 18, 118, 19, 20, 21,
 []



[26 <./images/img23.png (PNG copy)>]
<images/img24.png, id=224, 519.9425pt x 254.9525pt>
File: images/img24.png Graphic file (type png)
<use images/img24.png>
Package pdftex.def Info: images/img24.png  used on input line 871.
(pdftex.def)             Requested size: 229.60844pt x 112.5879pt.
[27 <./images/img24.png (PNG copy)>]
<images/img26.png, id=231, 900.36375pt x 416.55624pt>
File: images/img26.png Graphic file (type png)
<use images/img26.png>
Package pdftex.def Info: images/img26.png  used on input line 897.
(pdftex.def)             Requested size: 407.27567pt x 188.42741pt.

Overfull \hbox (62.27567pt too wide) in paragraph at lines 897--898
[][] 
 []

<images/img27.png, id=232, 501.875pt x 119.44624pt>
File: images/img27.png Graphic file (type png)
<use images/img27.png>
Package pdftex.def Info: images/img27.png  used on input line 901.
(pdftex.def)             Requested size: 222.83206pt x 53.03401pt.


[28 <./images/img26.png (PNG copy)> <./images/img27.png (PNG copy)>]
Underfull \hbox (badness 10000) in paragraph at lines 984--985
[]\T1/lmtt/m/n/10 Variable_Name = c ("category 1", "Category 2", ..., "Category n")
 []



[29]

[30]
Overfull \hbox (1.7012pt too wide) in paragraph at lines 1139--1139
[]|\T1/lmr/m/n/10 132/252=|  
 []


Overfull \hbox (11.17732pt too wide) in paragraph at lines 1139--1140
[]|\T1/lmr/m/n/10 180/400=|  
 []


Overfull \hbox (1.7012pt too wide) in paragraph at lines 1140--1140
[]|\T1/lmr/m/n/10 120/252=|  
 []


Overfull \hbox (3.39934pt too wide) in paragraph at lines 1140--1141
[]|\T1/lmr/m/n/10 220/400|  
 []


Overfull \hbox (1.7012pt too wide) in paragraph at lines 1141--1141
[]|\T1/lmr/m/n/10 252/252=|  
 []


Overfull \hbox (3.39934pt too wide) in paragraph at lines 1141--1142
[]|\T1/lmr/m/n/10 400/400|  
 []



[31]
Overfull \hbox (1.7012pt too wide) in paragraph at lines 1167--1167
[]|\T1/lmr/m/n/10 132/400=|  
 []


Overfull \hbox (11.17732pt too wide) in paragraph at lines 1167--1168
[]|\T1/lmr/m/n/10 180/400=|  
 []


Overfull \hbox (1.7012pt too wide) in paragraph at lines 1168--1168
[]|\T1/lmr/m/n/10 120/400=|  
 []


Overfull \hbox (11.17732pt too wide) in paragraph at lines 1168--1169
[]|\T1/lmr/m/n/10 220/400=|  
 []


Overfull \hbox (1.7012pt too wide) in paragraph at lines 1169--1169
[]|\T1/lmr/m/n/10 252/400=|  
 []


Overfull \hbox (11.17732pt too wide) in paragraph at lines 1169--1170
[]|\T1/lmr/m/n/10 400/400=|  
 []



[32]
Chapter 2.

Overfull \hbox (82.32852pt too wide) in paragraph at lines 1196--1197
\T1/lmr/m/n/10 The start-ing point in study-ing prob-a-bil-i-ties is the con-cept of an $[]$,
 []


Underfull \hbox (badness 10000) in paragraph at lines 1198--1199

 []


Underfull \hbox (badness 10000) in paragraph at lines 1200--1201

 []



[33

]
Underfull \hbox (badness 10000) in paragraph at lines 1202--1203

 []


Overfull \hbox (12.92548pt too wide) detected at line 1210
[]
 []

<images/img13.png, id=276, 559.08875pt x 115.93312pt>
File: images/img13.png Graphic file (type png)
<use images/img13.png>
Package pdftex.def Info: images/img13.png  used on input line 1220.
(pdftex.def)             Requested size: 546.56386pt x 113.33594pt.

Overfull \hbox (201.56386pt too wide) in paragraph at lines 1220--1221
[][] 
 []


Underfull \hbox (badness 10000) in paragraph at lines 1226--1227

 []



[34 <./images/img13.png>]
Underfull \hbox (badness 10000) in paragraph at lines 1228--1229

 []


Underfull \hbox (badness 10000) in paragraph at lines 1230--1231

 []



[35]

LaTeX Warning: Command \textendash invalid in math mode on input line 1291.



[36]
Overfull \hbox (0.85051pt too wide) in paragraph at lines 1353--1354
[]\T1/lmr/m/n/10 Sophomore 
 []



[37]

[38]

[39]
<images/img17.png, id=349, 151.06438pt x 99.37125pt>
File: images/img17.png Graphic file (type png)
<use images/img17.png>
Package pdftex.def Info: images/img17.png  used on input line 1577.
(pdftex.def)             Requested size: 171.6412pt x 112.90683pt.
<images/img18.png, id=350, 242.9075pt x 123.96312pt>
File: images/img18.png Graphic file (type png)
<use images/img18.png>
Package pdftex.def Info: images/img18.png  used on input line 1583.
(pdftex.def)             Requested size: 221.32414pt x 112.94847pt.


[40 <./images/img17.png> <./images/img18.png>]

[41]

[42]

[43]
Overfull \hbox (1.48412pt too wide) in paragraph at lines 1874--1874
[]|\T1/lmr/m/n/10 200,000|  
 []


Overfull \hbox (1.48412pt too wide) in paragraph at lines 1875--1875
[]|\T1/lmr/m/n/10 300,000|  
 []


Overfull \hbox (1.48412pt too wide) in paragraph at lines 1876--1876
[]|\T1/lmr/m/n/10 150,000|  
 []



[44]

[45]
LaTeX Font Info:    Trying to load font information for OT1+lmtt on input line 1944.
(/Users/tobzzy/Library/TinyTeX/texmf-dist/tex/latex/lm/ot1lmtt.fd
File: ot1lmtt.fd 2015/05/01 v1.6.1 Font defs for Latin Modern
)
<images/img41.png, id=415, 1079.03125pt x 320.19624pt>
File: images/img41.png Graphic file (type png)
<use images/img41.png>
Package pdftex.def Info: images/img41.png  used on input line 1972.
(pdftex.def)             Requested size: 414.05351pt x 122.86797pt.

Overfull \hbox (69.05351pt too wide) in paragraph at lines 1972--1973
[][] 
 []



[46{/Users/tobzzy/Library/TinyTeX/texmf-dist/fonts/enc/dvips/lm/lm-rmtt.enc}]

[47 <./images/img41.png (PNG copy)>]

[48]

[49]
LaTeX Font Info:    Font shape `T1/lmtt/bx/n' in size <10> not available
(Font)              Font shape `T1/lmtt/b/n' tried instead on input line 2162.

LaTeX Font Warning: Font shape `T1/lmtt/bx/it' in size <10> not available
(Font)              Font shape `T1/lmtt/b/sl' tried instead on input line 2182.



[50]

[51]

[52]
<images/normalP.png, id=458, 629.35126pt x 345.29pt>
File: images/normalP.png Graphic file (type png)
<use images/normalP.png>
Package pdftex.def Info: images/normalP.png  used on input line 2398.
(pdftex.def)             Requested size: 451.68248pt x 247.81302pt.

Overfull \hbox (106.68248pt too wide) in paragraph at lines 2398--2399
[][] 
 []



[53 <./images/normalP.png>]
<images/p2.png, id=466, 452.69125pt x 293.095pt>
File: images/p2.png Graphic file (type png)
<use images/p2.png>
Package pdftex.def Info: images/p2.png  used on input line 2404.
(pdftex.def)             Requested size: 451.68854pt x 292.44579pt.

Overfull \hbox (106.68854pt too wide) in paragraph at lines 2404--2405
[][] 
 []

<images/p1.png, id=467, 560.0925pt x 602.25pt>
File: images/p1.png Graphic file (type png)
<use images/p1.png>
Package pdftex.def Info: images/p1.png  used on input line 2408.
(pdftex.def)             Requested size: 451.70679pt x 485.70622pt.

Overfull \hbox (106.70679pt too wide) in paragraph at lines 2408--2409
[][] 
 []


Underfull \vbox (badness 10000) has occurred while \output is active []



[54 <./images/p2.png>]
<images/p3.png, id=473, 556.0775pt x 584.1825pt>
File: images/p3.png Graphic file (type png)
<use images/p3.png>
Package pdftex.def Info: images/p3.png  used on input line 2412.
(pdftex.def)             Requested size: 451.69307pt x 474.52231pt.

Overfull \hbox (106.69307pt too wide) in paragraph at lines 2412--2413
[][] 
 []


Underfull \vbox (badness 10000) has occurred while \output is active []



[55 <./images/p1.png>]
<images/p4.png, id=480, 319.1925pt x 279.0425pt>
File: images/p4.png Graphic file (type png)
<use images/p4.png>
Package pdftex.def Info: images/p4.png  used on input line 2416.
(pdftex.def)             Requested size: 451.69308pt x 394.87634pt.

Overfull \hbox (106.69308pt too wide) in paragraph at lines 2416--2418
[][]
 []


Underfull \vbox (badness 10000) has occurred while \output is active []



[56 <./images/p3.png>]

[57 <./images/p4.png>]

[58]
<images/p5.png, id=495, 375.4025pt x 287.0725pt>
File: images/p5.png Graphic file (type png)
<use images/p5.png>
Package pdftex.def Info: images/p5.png  used on input line 2475.
(pdftex.def)             Requested size: 451.71803pt x 345.43143pt.

Overfull \hbox (106.71803pt too wide) in paragraph at lines 2475--2476
[][] 
 []

<images/p6.png, id=496, 332.24126pt x 279.0425pt>
File: images/p6.png Graphic file (type png)
<use images/p6.png>
Package pdftex.def Info: images/p6.png  used on input line 2479.
(pdftex.def)             Requested size: 451.71538pt x 379.38632pt.

Overfull \hbox (106.71538pt too wide) in paragraph at lines 2479--2480
[][] 
 []


Underfull \vbox (badness 10000) has occurred while \output is active []



[59 <./images/p5.png>]

[60 <./images/p6.png>]
<images/p7.png, id=507, 305.14pt x 247.92625pt>
File: images/p7.png Graphic file (type png)
<use images/p7.png>
Package pdftex.def Info: images/p7.png  used on input line 2494.
(pdftex.def)             Requested size: 451.7072pt x 367.01212pt.

Overfull \hbox (106.7072pt too wide) in paragraph at lines 2494--2495
[][] 
 []

<images/p8.png, id=508, 320.19624pt x 241.90375pt>
File: images/p8.png Graphic file (type png)
<use images/p8.png>
Package pdftex.def Info: images/p8.png  used on input line 2498.
(pdftex.def)             Requested size: 451.69661pt x 341.25043pt.

Overfull \hbox (106.69661pt too wide) in paragraph at lines 2498--2499
[][] 
 []


Underfull \vbox (badness 10000) has occurred while \output is active []



[61 <./images/p7.png>]
<images/p9.png, id=515, 314.17375pt x 246.9225pt>
File: images/p9.png Graphic file (type png)
<use images/p9.png>
Package pdftex.def Info: images/p9.png  used on input line 2502.
(pdftex.def)             Requested size: 451.70993pt x 355.018pt.

Overfull \hbox (106.70993pt too wide) in paragraph at lines 2502--2503
[][] 
 []


Underfull \vbox (badness 10000) has occurred while \output is active []



[62 <./images/p8.png>]
<images/p10.png, id=521, 343.2825pt x 252.945pt>
File: images/p10.png Graphic file (type png)
<use images/p10.png>
Package pdftex.def Info: images/p10.png  used on input line 2510.
(pdftex.def)             Requested size: 451.68333pt x 332.8193pt.

Overfull \hbox (106.68333pt too wide) in paragraph at lines 2510--2511
[][] 
 []


Underfull \vbox (badness 10000) has occurred while \output is active []



[63 <./images/p9.png>]
Underfull \hbox (badness 1490) in paragraph at lines 2525--2527
[]\T1/lmr/m/n/10 For $\OML/lmm/m/it/10 P\OT1/lmr/m/n/10 (\OML/lmm/m/it/10 a < X < b\OT1/lmr/m/n/10 )$\T1/lmr/m/n/10 : \T1/lmtt/m/n/10 pnorm(b, \mu, \sigma) - pnorm(a, \mu,
 []



[64 <./images/p10.png>]
<images/img45.png, id=532, 1057.9525pt x 214.8025pt>
File: images/img45.png Graphic file (type png)
<use images/img45.png>
Package pdftex.def Info: images/img45.png  used on input line 2536.
(pdftex.def)             Requested size: 414.03654pt x 84.06433pt.

Overfull \hbox (69.03654pt too wide) in paragraph at lines 2536--2537
[][] 
 []

<images/img46.png, id=533, 1075.01625pt x 231.86626pt>
File: images/img46.png Graphic file (type png)
<use images/img46.png>
Package pdftex.def Info: images/img46.png  used on input line 2548.
(pdftex.def)             Requested size: 414.03838pt x 89.30238pt.

Overfull \hbox (69.03838pt too wide) in paragraph at lines 2548--2549
[][] 
 []

<images/img47.png, id=534, 575.14874pt x 282.05376pt>
File: images/img47.png Graphic file (type png)
<use images/img47.png>
Package pdftex.def Info: images/img47.png  used on input line 2580.
(pdftex.def)             Requested size: 307.15303pt x 150.62827pt.


[65 <./images/img45.png (PNG copy)> <./images/img46.png (PNG copy)>]

[66 <./images/img47.png (PNG copy)>]

[67]

[68

]
Chapter 3.

Underfull \hbox (badness 10000) in paragraph at lines 2683--2685

 []



[69]
<images/lesson1_img1.png, id=566, 1161.33875pt x 528.97626pt>
File: images/lesson1_img1.png Graphic file (type png)
<use images/lesson1_img1.png>
Package pdftex.def Info: images/lesson1_img1.png  used on input line 2700.
(pdftex.def)             Requested size: 275.99802pt x 125.71388pt.


[70 <./images/lesson1_img1.png>]

[71]

[72]

[73]

[74]
<MATH-224-Workbook_files/figure-latex/sample-proportion-hist-1.pdf, id=593, 469.755pt x 325.215pt>
File: MATH-224-Workbook_files/figure-latex/sample-proportion-hist-1.pdf Graphic file (type pdf)
<use MATH-224-Workbook_files/figure-latex/sample-proportion-hist-1.pdf>
Package pdftex.def Info: MATH-224-Workbook_files/figure-latex/sample-proportion-hist-1.pdf  used on input line 2879.
(pdftex.def)             Requested size: 344.997pt x 238.84406pt.


[75 <./MATH-224-Workbook_files/figure-latex/sample-proportion-hist-1.pdf>]

[76]
<images/img48.png, id=609, 504.88625pt x 133.49875pt>
File: images/img48.png Graphic file (type png)
<use images/img48.png>
Package pdftex.def Info: images/img48.png  used on input line 2947.
(pdftex.def)             Requested size: 263.48222pt x 69.66824pt.
<images/img50.png, id=610, 588.1975pt x 206.7725pt>
File: images/img50.png Graphic file (type png)
<use images/img50.png>
Package pdftex.def Info: images/img50.png  used on input line 2978.
(pdftex.def)             Requested size: 321.45432pt x 113.0027pt.


[77 <./images/img48.png (PNG copy)> <./images/img50.png (PNG copy)>]

[78]

[79]

[80]

[81] [82]

[83]

[84]

[85]
LaTeX Font Info:    External font `lmex10' loaded for size
(Font)              <14.4> on input line 3394.


[86]
Underfull \hbox (badness 1132) in paragraph at lines 3464--3465
[]\T1/lmr/m/n/10 For right-sided test, p-value is $\OML/lmm/m/it/10 P\OT1/lmr/m/n/10 ([] \OML/lmm/m/it/10 > p[]\OT1/lmr/m/n/10 )$\T1/lmr/m/n/10 , or $\OML/lmm/m/it/10 P\OT1/lmr/m/n/10 (\OML/lmm/m/it/10 Z > z[]\OT1/lmr/m/n/10 )$\T1/lmr/m/n/10 , use
 []



[87]
<images/lesson3_img1.png, id=687, 985.6825pt x 624.3325pt>
File: images/lesson3_img1.png Graphic file (type png)
<use images/lesson3_img1.png>
Package pdftex.def Info: images/lesson3_img1.png  used on input line 3494.
(pdftex.def)             Requested size: 276.00426pt x 174.82143pt.
<images/lesson3_img2.png, id=688, 979.66pt x 627.34375pt>
File: images/lesson3_img2.png Graphic file (type png)
<use images/lesson3_img2.png>
Package pdftex.def Info: images/lesson3_img2.png  used on input line 3505.
(pdftex.def)             Requested size: 275.9921pt x 176.73674pt.


[88 <./images/lesson3_img1.png> <./images/lesson3_img2.png>]

[89]

[90]

[91]

[92]
Chapter 4.


[93

]

[94]
<images/Figure7.1.png, id=731, 1403.2425pt x 595.47469pt>
File: images/Figure7.1.png Graphic file (type png)
<use images/Figure7.1.png>
Package pdftex.def Info: images/Figure7.1.png  used on input line 3704.
(pdftex.def)             Requested size: 275.99718pt x 117.12111pt.

Underfull \vbox (badness 10000) has occurred while \output is active []



[95]
<images/Figure7.2.png, id=736, 1527.45656pt x 612.78937pt>
File: images/Figure7.2.png Graphic file (type png)
<use images/Figure7.2.png>
Package pdftex.def Info: images/Figure7.2.png  used on input line 3710.
(pdftex.def)             Requested size: 276.00244pt x 110.72743pt.
<images/Figure7.3.png, id=737, 823.57687pt x 391.4625pt>
File: images/Figure7.3.png Graphic file (type png)
<use images/Figure7.3.png>
Package pdftex.def Info: images/Figure7.3.png  used on input line 3722.
(pdftex.def)             Requested size: 276.00363pt x 131.19002pt.
<images/Figure7.4.png, id=738, 1474.75969pt x 422.32782pt>
File: images/Figure7.4.png Graphic file (type png)
<use images/Figure7.4.png>
Package pdftex.def Info: images/Figure7.4.png  used on input line 3728.
(pdftex.def)             Requested size: 275.99919pt x 79.03804pt.


[96 <./images/Figure7.1.png> <./images/Figure7.2.png>]

[97 <./images/Figure7.3.png> <./images/Figure7.4.png>]
<images/Figure7.7.png, id=754, 1331.72531pt x 735.49782pt>
File: images/Figure7.7.png Graphic file (type png)
<use images/Figure7.7.png>
Package pdftex.def Info: images/Figure7.7.png  used on input line 3758.
(pdftex.def)             Requested size: 275.99257pt x 152.42778pt.


[98]

[99 <./images/Figure7.7.png>]
<images/img52.png, id=766, 931.48pt x 249.93375pt>
File: images/img52.png Graphic file (type png)
<use images/img52.png>
Package pdftex.def Info: images/img52.png  used on input line 3864.
(pdftex.def)             Requested size: 376.40875pt x 100.9976pt.

Overfull \hbox (31.40875pt too wide) in paragraph at lines 3864--3865
[][] 
 []



[100 <./images/img52.png (PNG copy)>]
<images/img53.png, id=772, 1040.88875pt x 214.8025pt>
File: images/img53.png Graphic file (type png)
<use images/img53.png>
Package pdftex.def Info: images/img53.png  used on input line 3878.
(pdftex.def)             Requested size: 414.04514pt x 85.44421pt.

Overfull \hbox (69.04514pt too wide) in paragraph at lines 3878--3879
[][] 
 []

<images/img54.png, id=773, 688.5725pt x 200.75pt>
File: images/img54.png Graphic file (type png)
<use images/img54.png>
Package pdftex.def Info: images/img54.png  used on input line 3892.
(pdftex.def)             Requested size: 376.40454pt x 109.73892pt.

Overfull \hbox (31.40454pt too wide) in paragraph at lines 3892--3893
[][] 
 []



[101 <./images/img53.png (PNG copy)> <./images/img54.png (PNG copy)>]

[102]
Overfull \hbox (19.86523pt too wide) in paragraph at lines 3988--3989
[]\T1/lmr/m/n/10 course_number  
 []


Overfull \hbox (7.35881pt too wide) in paragraph at lines 3990--3991
[]\T1/lmr/m/n/10 bookstore  
 []


Overfull \hbox (1.30006pt too wide) in paragraph at lines 3992--3993
[]\T1/lmr/m/n/10 amazon  
 []


Overfull \hbox (12.43001pt too wide) in paragraph at lines 3994--3995
[]\T1/lmr/m/n/10 price_difference  
 []



[103]
<images/Figure7.9.png, id=794, 1331.72531pt x 642.14906pt>
File: images/Figure7.9.png Graphic file (type png)
<use images/Figure7.9.png>
Package pdftex.def Info: images/Figure7.9.png  used on input line 4023.
(pdftex.def)             Requested size: 275.99257pt x 133.08177pt.


[104 <./images/Figure7.9.png>]
<images/Figure7.10.png, id=801, 1155.56718pt x 354.57469pt>
File: images/Figure7.10.png Graphic file (type png)
<use images/Figure7.10.png>
Package pdftex.def Info: images/Figure7.10.png  used on input line 4055.
(pdftex.def)             Requested size: 275.98409pt x 84.68306pt.

Underfull \hbox (badness 10000) in paragraph at lines 4083--4085

 []


Underfull \hbox (badness 10000) in paragraph at lines 4085--4087

 []


Underfull \hbox (badness 10000) in paragraph at lines 4087--4089

 []



[105 <./images/Figure7.10.png>]
Underfull \hbox (badness 10000) in paragraph at lines 4089--4091

 []


Underfull \hbox (badness 10000) in paragraph at lines 4091--4093

 []



[106]
Underfull \hbox (badness 2600) in paragraph at lines 4182--4183
[]\T1/lmr/m/it/10 (a) \T1/lmr/m/n/10 Write the hy-pothe-ses in sym-bols: $\OML/lmm/m/it/10 H[]$\T1/lmr/m/n/10 : ____________ $\OML/lmm/m/it/10 H[]$\T1/lmr/m/n/10 :
 []


Underfull \hbox (badness 2600) in paragraph at lines 4196--4197
[]\T1/lmr/m/it/10 (a) \T1/lmr/m/n/10 Write the hy-pothe-ses in sym-bols: $\OML/lmm/m/it/10 H[]$\T1/lmr/m/n/10 : ____________ $\OML/lmm/m/it/10 H[]$\T1/lmr/m/n/10 :
 []



[107]

[108]
Chapter 5.


[109

]

[110]

[111]

[112]
<images/img55.png, id=852, 205.76875pt x 126.4725pt>
File: images/img55.png Graphic file (type png)
<use images/img55.png>
Package pdftex.def Info: images/img55.png  used on input line 4374.
(pdftex.def)             Requested size: 150.56158pt x 92.54028pt.


[113 <./images/img55.png (PNG copy)>] (./MATH-224-Workbook.aux)
 ***********
LaTeX2e <2024-11-01> patch level 2
L3 programming layer <2025-01-18>
 ***********
 ) 
Here is how much of TeX's memory you used:
 12413 strings out of 475172
 192671 string characters out of 5765189
 588256 words of memory out of 5000000
 34842 multiletter control sequences out of 15000+600000
 667630 words of font info for 106 fonts, out of 8000000 for 9000
 14 hyphenation exceptions out of 8191
 89i,10n,93p,1001b,587s stack positions out of 10000i,1000n,20000p,200000b,200000s
</Users/tobzzy/Library/TinyTeX/texmf-dist/fonts/type1/public/lm/lmbx10.pfb></Users/tobzzy/Library/TinyTeX/texmf-dist/fonts/type1/public/lm/lmbx12.pfb></Users/tobzzy/Library/TinyTeX/texmf-dist/fonts/type1/public/lm/lmbx7.pfb></Users/tobzzy/Library/TinyTeX/texmf-dist/fonts/type1/public/lm/lmbxi10.pfb></Users/tobzzy/Library/TinyTeX/texmf-dist/fonts/type1/public/lm/lmex10.pfb></Users/tobzzy/Library/TinyTeX/texmf-dist/fonts/type1/public/lm/lmmi10.pfb></Users/tobzzy/Library/TinyTeX/texmf-dist/fonts/type1/public/lm/lmmi12.pfb></Users/tobzzy/Library/TinyTeX/texmf-dist/fonts/type1/public/lm/lmmi5.pfb></Users/tobzzy/Library/TinyTeX/texmf-dist/fonts/type1/public/lm/lmmi7.pfb></Users/tobzzy/Library/TinyTeX/texmf-dist/fonts/type1/public/lm/lmr10.pfb></Users/tobzzy/Library/TinyTeX/texmf-dist/fonts/type1/public/lm/lmr12.pfb></Users/tobzzy/Library/TinyTeX/texmf-dist/fonts/type1/public/lm/lmr17.pfb></Users/tobzzy/Library/TinyTeX/texmf-dist/fonts/type1/public/lm/lmr5.pfb></Users/tobzzy/Library/TinyTeX/texmf-dist/fonts/type1/public/lm/lmr7.pfb></Users/tobzzy/Library/TinyTeX/texmf-dist/fonts/type1/public/lm/lmri10.pfb></Users/tobzzy/Library/TinyTeX/texmf-dist/fonts/type1/public/lm/lmro10.pfb></Users/tobzzy/Library/TinyTeX/texmf-dist/fonts/type1/public/lm/lmsy10.pfb></Users/tobzzy/Library/TinyTeX/texmf-dist/fonts/type1/public/lm/lmsy5.pfb></Users/tobzzy/Library/TinyTeX/texmf-dist/fonts/type1/public/lm/lmsy7.pfb></Users/tobzzy/Library/TinyTeX/texmf-dist/fonts/type1/public/lm/lmtk10.pfb></Users/tobzzy/Library/TinyTeX/texmf-dist/fonts/type1/public/lm/lmtko10.pfb></Users/tobzzy/Library/TinyTeX/texmf-dist/fonts/type1/public/lm/lmtt10.pfb></Users/tobzzy/Library/TinyTeX/texmf-dist/fonts/type1/public/lm/lmtti10.pfb></Users/tobzzy/Library/TinyTeX/texmf-dist/fonts/type1/public/amsfonts/symbols/msbm10.pfb>
Output written on MATH-224-Workbook.pdf (113 pages, 3008478 bytes).
PDF statistics:
 1110 PDF objects out of 1200 (max. 8388607)
 853 compressed objects within 9 object streams
 355 named destinations out of 1000 (max. 500000)
 380 words of extra memory for PDF output out of 10000 (max. 10000000)

